0:0:0:0:0:0:0:1 -  -  [27/Dec/2011:04:48:09 +0000] "GET / HTTP/1.1" 200 23 
0:0:0:0:0:0:0:1 -  -  [27/Dec/2011:04:48:15 +0000] "GET /remak HTTP/1.1" 302 0 
0:0:0:0:0:0:0:1 -  -  [27/Dec/2011:04:48:15 +0000] "GET /remak/ HTTP/1.1" 200 2170 
0:0:0:0:0:0:0:1 -  -  [27/Dec/2011:04:48:15 +0000] "GET /remak/org.remak.Taxonomy/sc/modules/ISC_Grids.js HTTP/1.1" 200 728298 
0:0:0:0:0:0:0:1 -  -  [27/Dec/2011:04:48:15 +0000] "GET /remak/org.remak.Taxonomy/sc/modules/ISC_Foundation.js HTTP/1.1" 200 220989 
0:0:0:0:0:0:0:1 -  -  [27/Dec/2011:04:48:15 +0000] "GET /remak/org.remak.Taxonomy/sc/modules/ISC_Core.js HTTP/1.1" 200 686284 
0:0:0:0:0:0:0:1 -  -  [27/Dec/2011:04:48:15 +0000] "GET /remak/org.remak.Taxonomy/sc/modules/ISC_Containers.js HTTP/1.1" 200 120991 
0:0:0:0:0:0:0:1 -  -  [27/Dec/2011:04:48:15 +0000] "GET /remak/org.remak.Taxonomy/sc/modules/ISC_RichTextEditor.js HTTP/1.1" 200 37849 
0:0:0:0:0:0:0:1 -  -  [27/Dec/2011:04:48:15 +0000] "GET /remak/org.remak.Taxonomy/sc/modules/ISC_Forms.js HTTP/1.1" 200 594441 
0:0:0:0:0:0:0:1 -  -  [27/Dec/2011:04:48:15 +0000] "GET /remak/org.remak.Taxonomy/sc/modules/ISC_Calendar.js HTTP/1.1" 200 102082 
0:0:0:0:0:0:0:1 -  -  [27/Dec/2011:04:48:15 +0000] "GET /remak/org.remak.Taxonomy/sc/modules/ISC_DataBinding.js HTTP/1.1" 200 503348 
0:0:0:0:0:0:0:1 -  -  [27/Dec/2011:04:48:15 +0000] "GET /remak/org.remak.Taxonomy/org.remak.Taxonomy.nocache.js HTTP/1.1" 200 5990 
0:0:0:0:0:0:0:1 -  -  [27/Dec/2011:04:48:15 +0000] "GET /remak/org.remak.Taxonomy/sc/skins/Graphite/load_skin.js?isc_version=8.2.js HTTP/1.1" 200 30287 
0:0:0:0:0:0:0:1 -  -  [27/Dec/2011:04:48:15 +0000] "GET /remak/org.remak.Taxonomy/sc/skins/Graphite/skin_styles.css HTTP/1.1" 200 61043 
0:0:0:0:0:0:0:1 -  -  [27/Dec/2011:04:48:15 +0000] "GET /remak/org.remak.Taxonomy/499BCD1E51A788F3EC438BBB45AE0A2A.cache.html HTTP/1.1" 200 83971 
0:0:0:0:0:0:0:1 -  -  [27/Dec/2011:04:48:16 +0000] "GET /remak/org.remak.Taxonomy/sc/skins/Graphite/images/edges/edge_TL.png HTTP/1.1" 200 123 
0:0:0:0:0:0:0:1 -  -  [27/Dec/2011:04:48:16 +0000] "GET /remak/org.remak.Taxonomy/sc/skins/Graphite/images/edges/edge_T.png HTTP/1.1" 200 122 
0:0:0:0:0:0:0:1 -  -  [27/Dec/2011:04:48:16 +0000] "GET /remak/org.remak.Taxonomy/sc/skins/Graphite/images/edges/edge_L.png HTTP/1.1" 200 120 
0:0:0:0:0:0:0:1 -  -  [27/Dec/2011:04:48:16 +0000] "GET /remak/org.remak.Taxonomy/sc/skins/Graphite/images/edges/edge_BR.png HTTP/1.1" 200 124 
0:0:0:0:0:0:0:1 -  -  [27/Dec/2011:04:48:16 +0000] "GET /remak/org.remak.Taxonomy/sc/skins/Graphite/images/edges/edge_B.png HTTP/1.1" 200 122 
0:0:0:0:0:0:0:1 -  -  [27/Dec/2011:04:48:16 +0000] "GET /remak/org.remak.Taxonomy/sc/skins/Graphite/images/edges/edge_R.png HTTP/1.1" 200 120 
0:0:0:0:0:0:0:1 -  -  [27/Dec/2011:04:48:16 +0000] "GET /remak/org.remak.Taxonomy/sc/skins/Graphite/images/edges/edge_BL.png HTTP/1.1" 200 126 
0:0:0:0:0:0:0:1 -  -  [27/Dec/2011:04:48:16 +0000] "GET /remak/org.remak.Taxonomy/sc/skins/Graphite/images/edges/edge_TR.png HTTP/1.1" 200 123 
0:0:0:0:0:0:0:1 -  -  [27/Dec/2011:04:48:16 +0000] "GET /remak/org.remak.Taxonomy/sc/skins/Graphite/images/SectionHeader/header_opened_stretch.png HTTP/1.1" 200 137 
0:0:0:0:0:0:0:1 -  -  [27/Dec/2011:04:48:16 +0000] "GET /remak/org.remak.Taxonomy/sc/skins/Graphite/images/SectionHeader/header_opened_start.png HTTP/1.1" 200 143 
0:0:0:0:0:0:0:1 -  -  [27/Dec/2011:04:48:16 +0000] "GET /remak/org.remak.Taxonomy/sc/skins/Graphite/images/SectionHeader/opener_opened.png HTTP/1.1" 200 220 
0:0:0:0:0:0:0:1 -  -  [27/Dec/2011:04:48:16 +0000] "GET /remak/org.remak.Taxonomy/sc/skins/Graphite/images/SectionHeader/header_opened_end.png HTTP/1.1" 200 143 
0:0:0:0:0:0:0:1 -  -  [27/Dec/2011:04:48:16 +0000] "GET /remak/org.remak.Taxonomy/sc/skins/Graphite/images/Splitbar/vsplit_bg.png HTTP/1.1" 200 139 
0:0:0:0:0:0:0:1 -  -  [27/Dec/2011:04:48:16 +0000] "GET /remak/org.remak.Taxonomy/sc/skins/Graphite/images/Splitbar/vsplit_snap.png HTTP/1.1" 200 146 
0:0:0:0:0:0:0:1 -  -  [27/Dec/2011:04:48:22 +0000] "GET /simplecaptcha HTTP/1.1" 302 0 
0:0:0:0:0:0:0:1 -  -  [27/Dec/2011:04:48:22 +0000] "GET /simplecaptcha/ HTTP/1.1" 200 806 
0:0:0:0:0:0:0:1 -  -  [27/Dec/2011:04:48:23 +0000] "GET /simplecaptcha/sc.css HTTP/1.1" 200 129 
0:0:0:0:0:0:0:1 -  -  [27/Dec/2011:04:48:23 +0000] "GET /simplecaptcha/stickyCaptcha.png HTTP/1.1" 200 0 
0:0:0:0:0:0:0:1 -  -  [27/Dec/2011:04:48:28 +0000] "GET /simplecaptcha/ HTTP/1.1" 200 806 
0:0:0:0:0:0:0:1 -  -  [27/Dec/2011:04:48:28 +0000] "GET /simplecaptcha/stickyCaptcha.png HTTP/1.1" 200 3194 
0:0:0:0:0:0:0:1 -  -  [27/Dec/2011:04:48:28 +0000] "GET /favicon.ico HTTP/1.1" 200 23 
0:0:0:0:0:0:0:1 -  -  [27/Dec/2011:04:48:29 +0000] "GET /simplecaptcha/ HTTP/1.1" 200 806 
0:0:0:0:0:0:0:1 -  -  [27/Dec/2011:04:48:29 +0000] "GET /simplecaptcha/sc.css HTTP/1.1" 200 129 
0:0:0:0:0:0:0:1 -  -  [27/Dec/2011:04:48:29 +0000] "GET /simplecaptcha/stickyCaptcha.png HTTP/1.1" 200 3194 
0:0:0:0:0:0:0:1 -  -  [27/Dec/2011:04:48:29 +0000] "GET /favicon.ico HTTP/1.1" 200 23 
0:0:0:0:0:0:0:1 -  -  [27/Dec/2011:04:48:33 +0000] "GET /simplecaptcha/simpleCaptcha.jsp HTTP/1.1" 200 572 
0:0:0:0:0:0:0:1 -  -  [27/Dec/2011:04:48:34 +0000] "GET /simplecaptcha/simpleCaptcha.png HTTP/1.1" 200 10362 
0:0:0:0:0:0:0:1 -  -  [27/Dec/2011:04:48:34 +0000] "GET /favicon.ico HTTP/1.1" 200 23 
0:0:0:0:0:0:0:1 -  -  [27/Dec/2011:04:48:35 +0000] "GET /simplecaptcha/stickyCaptcha.jsp HTTP/1.1" 200 806 
0:0:0:0:0:0:0:1 -  -  [27/Dec/2011:04:48:35 +0000] "GET /simplecaptcha/stickyCaptcha.png HTTP/1.1" 200 10362 
0:0:0:0:0:0:0:1 -  -  [27/Dec/2011:04:48:36 +0000] "GET /favicon.ico HTTP/1.1" 200 23 
0:0:0:0:0:0:0:1 -  -  [27/Dec/2011:04:48:37 +0000] "GET /simplecaptcha/audioCaptcha.jsp HTTP/1.1" 200 1223 
0:0:0:0:0:0:0:1 -  -  [27/Dec/2011:04:48:37 +0000] "GET /favicon.ico HTTP/1.1" 200 23 
0:0:0:0:0:0:0:1 -  -  [27/Dec/2011:04:48:37 +0000] "GET /simplecaptcha/audio.wav?bogus=1324961317369 HTTP/1.1" 200 104662 
0:0:0:0:0:0:0:1 -  -  [27/Dec/2011:04:48:37 +0000] "GET /simplecaptcha/audio.wav?bogus=1324961317369 HTTP/1.1" 200 70908 
0:0:0:0:0:0:0:1 -  -  [27/Dec/2011:04:48:49 +0000] "GET /simplecaptcha/audioCaptcha.jsp HTTP/1.1" 200 1223 
0:0:0:0:0:0:0:1 -  -  [27/Dec/2011:04:48:49 +0000] "GET /favicon.ico HTTP/1.1" 200 23 
0:0:0:0:0:0:0:1 -  -  [27/Dec/2011:04:48:49 +0000] "GET /simplecaptcha/audio.wav?bogus=1324961329951 HTTP/1.1" 200 78344 
0:0:0:0:0:0:0:1 -  -  [27/Dec/2011:04:48:50 +0000] "GET /simplecaptcha/audio.wav?bogus=1324961329951 HTTP/1.1" 200 95928 
0:0:0:0:0:0:0:1 -  -  [27/Dec/2011:04:49:00 +0000] "GET /simplecaptcha/audio.wav HTTP/1.1" 200 79120 
0:0:0:0:0:0:0:1 -  -  [27/Dec/2011:04:49:00 +0000] "GET /favicon.ico HTTP/1.1" 200 23 
0:0:0:0:0:0:0:1 -  -  [27/Dec/2011:04:49:00 +0000] "GET /simplecaptcha/audio.wav HTTP/1.1" 200 95894 
0:0:0:0:0:0:0:1 -  -  [27/Dec/2011:04:49:00 +0000] "GET /simplecaptcha/audio.wav HTTP/1.1" 200 91672 
0:0:0:0:0:0:0:1 -  -  [27/Dec/2011:04:49:05 +0000] "GET /favicon.ico HTTP/1.1" 200 23 
0:0:0:0:0:0:0:1 -  -  [27/Dec/2011:04:49:05 +0000] "GET /simplecaptcha/audio.wav?bogus=1324961345339 HTTP/1.1" 200 80468 
0:0:0:0:0:0:0:1 -  -  [27/Dec/2011:04:49:05 +0000] "GET /simplecaptcha/audio.wav?bogus=1324961345339 HTTP/1.1" 200 86668 
0:0:0:0:0:0:0:1 -  -  [27/Dec/2011:08:13:26 +0000] "GET /simplecaptcha/audioCaptcha.jsp HTTP/1.1" 200 1223 
0:0:0:0:0:0:0:1 -  -  [27/Dec/2011:08:13:27 +0000] "GET /favicon.ico HTTP/1.1" 200 23 
0:0:0:0:0:0:0:1 -  -  [27/Dec/2011:08:13:27 +0000] "GET /simplecaptcha/audio.wav?bogus=1324973607504 HTTP/1.1" 200 81550 
0:0:0:0:0:0:0:1 -  -  [27/Dec/2011:08:13:27 +0000] "GET /simplecaptcha/audio.wav?bogus=1324973607504 HTTP/1.1" 200 85216 
0:0:0:0:0:0:0:1 -  -  [27/Dec/2011:08:13:31 +0000] "GET /simplecaptcha/simpleCaptcha.jsp HTTP/1.1" 200 572 
0:0:0:0:0:0:0:1 -  -  [27/Dec/2011:08:13:31 +0000] "GET /simplecaptcha/simpleCaptcha.png HTTP/1.1" 200 7226 
0:0:0:0:0:0:0:1 -  -  [27/Dec/2011:08:13:32 +0000] "GET /favicon.ico HTTP/1.1" 200 23 
0:0:0:0:0:0:0:1 -  -  [27/Dec/2011:08:13:35 +0000] "GET /simplecaptcha/stickyCaptcha.jsp HTTP/1.1" 200 806 
0:0:0:0:0:0:0:1 -  -  [27/Dec/2011:08:13:35 +0000] "GET /simplecaptcha/stickyCaptcha.png HTTP/1.1" 200 7226 
0:0:0:0:0:0:0:1 -  -  [27/Dec/2011:08:13:35 +0000] "GET /favicon.ico HTTP/1.1" 200 23 
0:0:0:0:0:0:0:1 -  -  [27/Dec/2011:08:13:37 +0000] "GET /simplecaptcha/simpleCaptcha.jsp HTTP/1.1" 200 572 
0:0:0:0:0:0:0:1 -  -  [27/Dec/2011:08:13:37 +0000] "GET /simplecaptcha/simpleCaptcha.png HTTP/1.1" 200 8739 
0:0:0:0:0:0:0:1 -  -  [27/Dec/2011:08:13:37 +0000] "GET /favicon.ico HTTP/1.1" 200 23 
0:0:0:0:0:0:0:1 -  -  [27/Dec/2011:08:13:39 +0000] "GET /simplecaptcha/stickyCaptcha.jsp HTTP/1.1" 200 806 
0:0:0:0:0:0:0:1 -  -  [27/Dec/2011:08:13:39 +0000] "GET /simplecaptcha/stickyCaptcha.png HTTP/1.1" 200 8739 
0:0:0:0:0:0:0:1 -  -  [27/Dec/2011:08:13:39 +0000] "GET /favicon.ico HTTP/1.1" 200 23 
0:0:0:0:0:0:0:1 -  -  [27/Dec/2011:08:13:41 +0000] "GET /simplecaptcha/simpleCaptcha.jsp HTTP/1.1" 200 572 
0:0:0:0:0:0:0:1 -  -  [27/Dec/2011:08:13:41 +0000] "GET /simplecaptcha/simpleCaptcha.png HTTP/1.1" 200 9831 
0:0:0:0:0:0:0:1 -  -  [27/Dec/2011:08:13:41 +0000] "GET /favicon.ico HTTP/1.1" 200 23 
0:0:0:0:0:0:0:1 -  -  [27/Dec/2011:08:13:42 +0000] "GET /simplecaptcha/stickyCaptcha.jsp HTTP/1.1" 200 806 
0:0:0:0:0:0:0:1 -  -  [27/Dec/2011:08:13:42 +0000] "GET /simplecaptcha/stickyCaptcha.png HTTP/1.1" 200 9831 
0:0:0:0:0:0:0:1 -  -  [27/Dec/2011:08:13:42 +0000] "GET /favicon.ico HTTP/1.1" 200 23 
0:0:0:0:0:0:0:1 -  -  [27/Dec/2011:08:13:50 +0000] "POST /simplecaptcha/captchaSubmit.jsp HTTP/1.1" 200 24 
0:0:0:0:0:0:0:1 -  -  [27/Dec/2011:08:13:50 +0000] "GET /favicon.ico HTTP/1.1" 200 23 
0:0:0:0:0:0:0:1 -  -  [27/Dec/2011:08:13:52 +0000] "GET /favicon.ico HTTP/1.1" 200 23 
0:0:0:0:0:0:0:1 -  -  [27/Dec/2011:08:13:54 +0000] "POST /simplecaptcha/captchaSubmit.jsp HTTP/1.1" 200 24 
0:0:0:0:0:0:0:1 -  -  [27/Dec/2011:08:13:54 +0000] "GET /favicon.ico HTTP/1.1" 200 23 
0:0:0:0:0:0:0:1 -  -  [27/Dec/2011:08:13:55 +0000] "GET /favicon.ico HTTP/1.1" 200 23 
0:0:0:0:0:0:0:1 -  -  [27/Dec/2011:08:13:56 +0000] "POST /simplecaptcha/captchaSubmit.jsp HTTP/1.1" 200 24 
0:0:0:0:0:0:0:1 -  -  [27/Dec/2011:08:13:56 +0000] "GET /favicon.ico HTTP/1.1" 200 23 
0:0:0:0:0:0:0:1 -  -  [27/Dec/2011:08:13:57 +0000] "GET /favicon.ico HTTP/1.1" 200 23 
0:0:0:0:0:0:0:1 -  -  [27/Dec/2011:08:13:59 +0000] "GET /simplecaptcha/stickyCaptcha.jsp HTTP/1.1" 200 806 
0:0:0:0:0:0:0:1 -  -  [27/Dec/2011:08:13:59 +0000] "GET /simplecaptcha/stickyCaptcha.png HTTP/1.1" 200 9831 
0:0:0:0:0:0:0:1 -  -  [27/Dec/2011:08:13:59 +0000] "GET /favicon.ico HTTP/1.1" 200 23 
0:0:0:0:0:0:0:1 -  -  [27/Dec/2011:08:14:01 +0000] "GET /simplecaptcha/stickyCaptcha.jsp HTTP/1.1" 200 806 
0:0:0:0:0:0:0:1 -  -  [27/Dec/2011:08:14:01 +0000] "GET /simplecaptcha/sc.css HTTP/1.1" 200 129 
0:0:0:0:0:0:0:1 -  -  [27/Dec/2011:08:14:01 +0000] "GET /simplecaptcha/stickyCaptcha.png HTTP/1.1" 200 9831 
0:0:0:0:0:0:0:1 -  -  [27/Dec/2011:08:14:01 +0000] "GET /favicon.ico HTTP/1.1" 200 23 
0:0:0:0:0:0:0:1 -  -  [27/Dec/2011:08:14:01 +0000] "GET /simplecaptcha/stickyCaptcha.jsp HTTP/1.1" 200 806 
0:0:0:0:0:0:0:1 -  -  [27/Dec/2011:08:14:01 +0000] "GET /simplecaptcha/sc.css HTTP/1.1" 200 129 
0:0:0:0:0:0:0:1 -  -  [27/Dec/2011:08:14:01 +0000] "GET /simplecaptcha/stickyCaptcha.png HTTP/1.1" 200 9831 
0:0:0:0:0:0:0:1 -  -  [27/Dec/2011:08:14:01 +0000] "GET /favicon.ico HTTP/1.1" 200 23 
0:0:0:0:0:0:0:1 -  -  [27/Dec/2011:08:14:02 +0000] "GET /simplecaptcha/stickyCaptcha.jsp HTTP/1.1" 200 806 
0:0:0:0:0:0:0:1 -  -  [27/Dec/2011:08:14:02 +0000] "GET /simplecaptcha/sc.css HTTP/1.1" 200 129 
0:0:0:0:0:0:0:1 -  -  [27/Dec/2011:08:14:02 +0000] "GET /simplecaptcha/stickyCaptcha.png HTTP/1.1" 200 9831 
0:0:0:0:0:0:0:1 -  -  [27/Dec/2011:08:14:02 +0000] "GET /favicon.ico HTTP/1.1" 200 23 
0:0:0:0:0:0:0:1 -  -  [27/Dec/2011:08:14:02 +0000] "GET /simplecaptcha/stickyCaptcha.jsp HTTP/1.1" 200 806 
0:0:0:0:0:0:0:1 -  -  [27/Dec/2011:08:14:02 +0000] "GET /simplecaptcha/sc.css HTTP/1.1" 200 129 
0:0:0:0:0:0:0:1 -  -  [27/Dec/2011:08:14:02 +0000] "GET /simplecaptcha/stickyCaptcha.png HTTP/1.1" 200 9831 
0:0:0:0:0:0:0:1 -  -  [27/Dec/2011:08:14:02 +0000] "GET /favicon.ico HTTP/1.1" 200 23 
0:0:0:0:0:0:0:1 -  -  [27/Dec/2011:08:14:02 +0000] "GET /simplecaptcha/stickyCaptcha.jsp HTTP/1.1" 200 806 
0:0:0:0:0:0:0:1 -  -  [27/Dec/2011:08:14:02 +0000] "GET /simplecaptcha/sc.css HTTP/1.1" 200 129 
0:0:0:0:0:0:0:1 -  -  [27/Dec/2011:08:14:02 +0000] "GET /simplecaptcha/stickyCaptcha.png HTTP/1.1" 200 9831 
0:0:0:0:0:0:0:1 -  -  [27/Dec/2011:08:14:02 +0000] "GET /favicon.ico HTTP/1.1" 200 23 
0:0:0:0:0:0:0:1 -  -  [27/Dec/2011:08:14:02 +0000] "GET /simplecaptcha/stickyCaptcha.jsp HTTP/1.1" 200 806 
0:0:0:0:0:0:0:1 -  -  [27/Dec/2011:08:14:02 +0000] "GET /simplecaptcha/sc.css HTTP/1.1" 200 129 
0:0:0:0:0:0:0:1 -  -  [27/Dec/2011:08:14:02 +0000] "GET /simplecaptcha/stickyCaptcha.png HTTP/1.1" 200 9831 
0:0:0:0:0:0:0:1 -  -  [27/Dec/2011:08:14:03 +0000] "GET /favicon.ico HTTP/1.1" 200 23 
0:0:0:0:0:0:0:1 -  -  [27/Dec/2011:08:14:08 +0000] "GET /simplecaptcha/stickyCaptcha.jsp HTTP/1.1" 200 806 
0:0:0:0:0:0:0:1 -  -  [27/Dec/2011:08:14:08 +0000] "GET /simplecaptcha/stickyCaptcha.png HTTP/1.1" 200 9831 
0:0:0:0:0:0:0:1 -  -  [27/Dec/2011:08:14:08 +0000] "GET /favicon.ico HTTP/1.1" 200 23 
0:0:0:0:0:0:0:1 -  -  [27/Dec/2011:08:14:09 +0000] "GET /simplecaptcha/stickyCaptcha.jsp HTTP/1.1" 200 806 
0:0:0:0:0:0:0:1 -  -  [27/Dec/2011:08:14:09 +0000] "GET /simplecaptcha/sc.css HTTP/1.1" 200 129 
0:0:0:0:0:0:0:1 -  -  [27/Dec/2011:08:14:09 +0000] "GET /simplecaptcha/stickyCaptcha.png HTTP/1.1" 200 9831 
0:0:0:0:0:0:0:1 -  -  [27/Dec/2011:08:14:09 +0000] "GET /favicon.ico HTTP/1.1" 200 23 
0:0:0:0:0:0:0:1 -  -  [27/Dec/2011:08:14:09 +0000] "GET /simplecaptcha/stickyCaptcha.jsp HTTP/1.1" 200 806 
0:0:0:0:0:0:0:1 -  -  [27/Dec/2011:08:14:09 +0000] "GET /simplecaptcha/sc.css HTTP/1.1" 200 129 
0:0:0:0:0:0:0:1 -  -  [27/Dec/2011:08:14:09 +0000] "GET /simplecaptcha/stickyCaptcha.png HTTP/1.1" 200 9831 
0:0:0:0:0:0:0:1 -  -  [27/Dec/2011:08:14:09 +0000] "GET /favicon.ico HTTP/1.1" 200 23 
0:0:0:0:0:0:0:1 -  -  [27/Dec/2011:08:14:09 +0000] "GET /simplecaptcha/stickyCaptcha.jsp HTTP/1.1" 200 806 
0:0:0:0:0:0:0:1 -  -  [27/Dec/2011:08:14:09 +0000] "GET /simplecaptcha/sc.css HTTP/1.1" 200 129 
0:0:0:0:0:0:0:1 -  -  [27/Dec/2011:08:14:09 +0000] "GET /simplecaptcha/stickyCaptcha.png HTTP/1.1" 200 9831 
0:0:0:0:0:0:0:1 -  -  [27/Dec/2011:08:14:09 +0000] "GET /favicon.ico HTTP/1.1" 200 23 
0:0:0:0:0:0:0:1 -  -  [27/Dec/2011:08:14:10 +0000] "GET /simplecaptcha/stickyCaptcha.jsp HTTP/1.1" 200 806 
0:0:0:0:0:0:0:1 -  -  [27/Dec/2011:08:14:10 +0000] "GET /simplecaptcha/sc.css HTTP/1.1" 200 129 
0:0:0:0:0:0:0:1 -  -  [27/Dec/2011:08:14:10 +0000] "GET /simplecaptcha/stickyCaptcha.png HTTP/1.1" 200 9831 
0:0:0:0:0:0:0:1 -  -  [27/Dec/2011:08:14:10 +0000] "GET /favicon.ico HTTP/1.1" 200 23 
0:0:0:0:0:0:0:1 -  -  [27/Dec/2011:08:14:10 +0000] "GET /simplecaptcha/stickyCaptcha.jsp HTTP/1.1" 200 806 
0:0:0:0:0:0:0:1 -  -  [27/Dec/2011:08:14:10 +0000] "GET /simplecaptcha/sc.css HTTP/1.1" 200 129 
0:0:0:0:0:0:0:1 -  -  [27/Dec/2011:08:14:10 +0000] "GET /simplecaptcha/stickyCaptcha.png HTTP/1.1" 200 9831 
0:0:0:0:0:0:0:1 -  -  [27/Dec/2011:08:14:10 +0000] "GET /favicon.ico HTTP/1.1" 200 23 
0:0:0:0:0:0:0:1 -  -  [27/Dec/2011:08:14:10 +0000] "GET /simplecaptcha/stickyCaptcha.jsp HTTP/1.1" 200 806 
0:0:0:0:0:0:0:1 -  -  [27/Dec/2011:08:14:10 +0000] "GET /simplecaptcha/sc.css HTTP/1.1" 200 129 
0:0:0:0:0:0:0:1 -  -  [27/Dec/2011:08:14:10 +0000] "GET /simplecaptcha/stickyCaptcha.png HTTP/1.1" 200 9831 
0:0:0:0:0:0:0:1 -  -  [27/Dec/2011:08:14:10 +0000] "GET /favicon.ico HTTP/1.1" 200 23 
0:0:0:0:0:0:0:1 -  -  [27/Dec/2011:08:14:10 +0000] "GET /simplecaptcha/stickyCaptcha.jsp HTTP/1.1" 200 806 
0:0:0:0:0:0:0:1 -  -  [27/Dec/2011:08:14:10 +0000] "GET /simplecaptcha/sc.css HTTP/1.1" 200 129 
0:0:0:0:0:0:0:1 -  -  [27/Dec/2011:08:14:10 +0000] "GET /simplecaptcha/stickyCaptcha.png HTTP/1.1" 200 9831 
0:0:0:0:0:0:0:1 -  -  [27/Dec/2011:08:14:10 +0000] "GET /favicon.ico HTTP/1.1" 200 23 
0:0:0:0:0:0:0:1 -  -  [27/Dec/2011:08:14:10 +0000] "GET /simplecaptcha/stickyCaptcha.jsp HTTP/1.1" 200 806 
0:0:0:0:0:0:0:1 -  -  [27/Dec/2011:08:14:10 +0000] "GET /simplecaptcha/sc.css HTTP/1.1" 200 129 
0:0:0:0:0:0:0:1 -  -  [27/Dec/2011:08:14:10 +0000] "GET /simplecaptcha/stickyCaptcha.png HTTP/1.1" 200 9831 
0:0:0:0:0:0:0:1 -  -  [27/Dec/2011:08:14:10 +0000] "GET /favicon.ico HTTP/1.1" 200 23 
0:0:0:0:0:0:0:1 -  -  [27/Dec/2011:08:14:12 +0000] "GET /simplecaptcha/simpleCaptcha.jsp HTTP/1.1" 200 572 
0:0:0:0:0:0:0:1 -  -  [27/Dec/2011:08:14:12 +0000] "GET /simplecaptcha/simpleCaptcha.png HTTP/1.1" 200 7420 
0:0:0:0:0:0:0:1 -  -  [27/Dec/2011:08:14:12 +0000] "GET /favicon.ico HTTP/1.1" 200 23 
0:0:0:0:0:0:0:1 -  -  [27/Dec/2011:08:14:13 +0000] "GET /simplecaptcha/stickyCaptcha.jsp HTTP/1.1" 200 806 
0:0:0:0:0:0:0:1 -  -  [27/Dec/2011:08:14:13 +0000] "GET /simplecaptcha/stickyCaptcha.png HTTP/1.1" 200 7420 
0:0:0:0:0:0:0:1 -  -  [27/Dec/2011:08:14:13 +0000] "GET /favicon.ico HTTP/1.1" 200 23 
0:0:0:0:0:0:0:1 -  -  [27/Dec/2011:08:14:14 +0000] "GET /simplecaptcha/simpleCaptcha.jsp HTTP/1.1" 200 572 
0:0:0:0:0:0:0:1 -  -  [27/Dec/2011:08:14:14 +0000] "GET /simplecaptcha/simpleCaptcha.png HTTP/1.1" 200 9540 
0:0:0:0:0:0:0:1 -  -  [27/Dec/2011:08:14:14 +0000] "GET /favicon.ico HTTP/1.1" 200 23 
0:0:0:0:0:0:0:1 -  -  [27/Dec/2011:08:14:17 +0000] "GET /simplecaptcha/simpleCaptcha.jsp HTTP/1.1" 200 572 
0:0:0:0:0:0:0:1 -  -  [27/Dec/2011:08:14:17 +0000] "GET /simplecaptcha/simpleCaptcha.png HTTP/1.1" 200 6803 
0:0:0:0:0:0:0:1 -  -  [27/Dec/2011:08:14:17 +0000] "GET /favicon.ico HTTP/1.1" 200 23 
0:0:0:0:0:0:0:1 -  -  [27/Dec/2011:08:14:17 +0000] "GET /simplecaptcha/simpleCaptcha.jsp HTTP/1.1" 200 572 
0:0:0:0:0:0:0:1 -  -  [27/Dec/2011:08:14:17 +0000] "GET /simplecaptcha/sc.css HTTP/1.1" 200 129 
0:0:0:0:0:0:0:1 -  -  [27/Dec/2011:08:14:17 +0000] "GET /simplecaptcha/simpleCaptcha.png HTTP/1.1" 200 8836 
0:0:0:0:0:0:0:1 -  -  [27/Dec/2011:08:14:17 +0000] "GET /favicon.ico HTTP/1.1" 200 23 
0:0:0:0:0:0:0:1 -  -  [27/Dec/2011:08:14:17 +0000] "GET /simplecaptcha/simpleCaptcha.jsp HTTP/1.1" 200 572 
0:0:0:0:0:0:0:1 -  -  [27/Dec/2011:08:14:17 +0000] "GET /simplecaptcha/sc.css HTTP/1.1" 200 129 
0:0:0:0:0:0:0:1 -  -  [27/Dec/2011:08:14:17 +0000] "GET /simplecaptcha/simpleCaptcha.png HTTP/1.1" 200 7846 
0:0:0:0:0:0:0:1 -  -  [27/Dec/2011:08:14:17 +0000] "GET /favicon.ico HTTP/1.1" 200 23 
0:0:0:0:0:0:0:1 -  -  [27/Dec/2011:08:14:18 +0000] "GET /simplecaptcha/simpleCaptcha.jsp HTTP/1.1" 200 572 
0:0:0:0:0:0:0:1 -  -  [27/Dec/2011:08:14:18 +0000] "GET /simplecaptcha/sc.css HTTP/1.1" 200 129 
0:0:0:0:0:0:0:1 -  -  [27/Dec/2011:08:14:18 +0000] "GET /simplecaptcha/simpleCaptcha.png HTTP/1.1" 200 7704 
0:0:0:0:0:0:0:1 -  -  [27/Dec/2011:08:14:18 +0000] "GET /favicon.ico HTTP/1.1" 200 23 
0:0:0:0:0:0:0:1 -  -  [27/Dec/2011:08:14:18 +0000] "GET /simplecaptcha/simpleCaptcha.jsp HTTP/1.1" 200 572 
0:0:0:0:0:0:0:1 -  -  [27/Dec/2011:08:14:18 +0000] "GET /simplecaptcha/sc.css HTTP/1.1" 200 129 
0:0:0:0:0:0:0:1 -  -  [27/Dec/2011:08:14:18 +0000] "GET /simplecaptcha/simpleCaptcha.png HTTP/1.1" 200 7807 
0:0:0:0:0:0:0:1 -  -  [27/Dec/2011:08:14:18 +0000] "GET /favicon.ico HTTP/1.1" 200 23 
0:0:0:0:0:0:0:1 -  -  [27/Dec/2011:08:14:18 +0000] "GET /simplecaptcha/simpleCaptcha.jsp HTTP/1.1" 200 572 
0:0:0:0:0:0:0:1 -  -  [27/Dec/2011:08:14:18 +0000] "GET /simplecaptcha/sc.css HTTP/1.1" 200 129 
0:0:0:0:0:0:0:1 -  -  [27/Dec/2011:08:14:18 +0000] "GET /simplecaptcha/simpleCaptcha.png HTTP/1.1" 200 9830 
0:0:0:0:0:0:0:1 -  -  [27/Dec/2011:08:14:18 +0000] "GET /favicon.ico HTTP/1.1" 200 23 
0:0:0:0:0:0:0:1 -  -  [27/Dec/2011:08:14:18 +0000] "GET /simplecaptcha/simpleCaptcha.jsp HTTP/1.1" 200 572 
0:0:0:0:0:0:0:1 -  -  [27/Dec/2011:08:14:18 +0000] "GET /simplecaptcha/sc.css HTTP/1.1" 200 129 
0:0:0:0:0:0:0:1 -  -  [27/Dec/2011:08:14:18 +0000] "GET /simplecaptcha/simpleCaptcha.png HTTP/1.1" 200 8115 
0:0:0:0:0:0:0:1 -  -  [27/Dec/2011:08:14:18 +0000] "GET /favicon.ico HTTP/1.1" 200 23 
0:0:0:0:0:0:0:1 -  -  [27/Dec/2011:08:14:20 +0000] "GET /simplecaptcha/simpleCaptcha.jsp HTTP/1.1" 200 572 
0:0:0:0:0:0:0:1 -  -  [27/Dec/2011:08:14:20 +0000] "GET /simplecaptcha/sc.css HTTP/1.1" 200 129 
0:0:0:0:0:0:0:1 -  -  [27/Dec/2011:08:14:20 +0000] "GET /simplecaptcha/simpleCaptcha.png HTTP/1.1" 200 11039 
0:0:0:0:0:0:0:1 -  -  [27/Dec/2011:08:14:20 +0000] "GET /favicon.ico HTTP/1.1" 200 23 
0:0:0:0:0:0:0:1 -  -  [27/Dec/2011:08:14:21 +0000] "GET /simplecaptcha/simpleCaptcha.jsp HTTP/1.1" 200 572 
0:0:0:0:0:0:0:1 -  -  [27/Dec/2011:08:14:21 +0000] "GET /simplecaptcha/sc.css HTTP/1.1" 200 129 
0:0:0:0:0:0:0:1 -  -  [27/Dec/2011:08:14:21 +0000] "GET /simplecaptcha/simpleCaptcha.jsp HTTP/1.1" 200 572 
0:0:0:0:0:0:0:1 -  -  [27/Dec/2011:08:14:21 +0000] "GET /simplecaptcha/simpleCaptcha.png HTTP/1.1" 200 7630 
0:0:0:0:0:0:0:1 -  -  [27/Dec/2011:08:14:21 +0000] "GET /simplecaptcha/sc.css HTTP/1.1" 200 129 
0:0:0:0:0:0:0:1 -  -  [27/Dec/2011:08:14:21 +0000] "GET /favicon.ico HTTP/1.1" 200 23 
0:0:0:0:0:0:0:1 -  -  [27/Dec/2011:08:14:21 +0000] "GET /simplecaptcha/simpleCaptcha.jsp HTTP/1.1" 200 572 
0:0:0:0:0:0:0:1 -  -  [27/Dec/2011:08:14:21 +0000] "GET /simplecaptcha/simpleCaptcha.png HTTP/1.1" 200 7419 
0:0:0:0:0:0:0:1 -  -  [27/Dec/2011:08:14:21 +0000] "GET /favicon.ico HTTP/1.1" 200 23 
0:0:0:0:0:0:0:1 -  -  [27/Dec/2011:08:14:21 +0000] "GET /simplecaptcha/sc.css HTTP/1.1" 200 129 
0:0:0:0:0:0:0:1 -  -  [27/Dec/2011:08:14:21 +0000] "GET /simplecaptcha/simpleCaptcha.png HTTP/1.1" 200 10391 
0:0:0:0:0:0:0:1 -  -  [27/Dec/2011:08:14:21 +0000] "GET /favicon.ico HTTP/1.1" 200 23 
0:0:0:0:0:0:0:1 -  -  [27/Dec/2011:08:14:21 +0000] "GET /simplecaptcha/simpleCaptcha.jsp HTTP/1.1" 200 572 
0:0:0:0:0:0:0:1 -  -  [27/Dec/2011:08:14:21 +0000] "GET /simplecaptcha/sc.css HTTP/1.1" 200 129 
0:0:0:0:0:0:0:1 -  -  [27/Dec/2011:08:14:21 +0000] "GET /simplecaptcha/simpleCaptcha.png HTTP/1.1" 200 10791 
0:0:0:0:0:0:0:1 -  -  [27/Dec/2011:08:14:21 +0000] "GET /simplecaptcha/simpleCaptcha.jsp HTTP/1.1" 200 572 
0:0:0:0:0:0:0:1 -  -  [27/Dec/2011:08:14:21 +0000] "GET /simplecaptcha/simpleCaptcha.jsp HTTP/1.1" 200 572 
0:0:0:0:0:0:0:1 -  -  [27/Dec/2011:08:14:21 +0000] "GET /favicon.ico HTTP/1.1" 200 23 
0:0:0:0:0:0:0:1 -  -  [27/Dec/2011:08:14:21 +0000] "GET /simplecaptcha/sc.css HTTP/1.1" 200 129 
0:0:0:0:0:0:0:1 -  -  [27/Dec/2011:08:14:21 +0000] "GET /simplecaptcha/simpleCaptcha.jsp HTTP/1.1" 200 572 
0:0:0:0:0:0:0:1 -  -  [27/Dec/2011:08:14:21 +0000] "GET /simplecaptcha/simpleCaptcha.png HTTP/1.1" 200 7899 
0:0:0:0:0:0:0:1 -  -  [27/Dec/2011:08:14:21 +0000] "GET /favicon.ico HTTP/1.1" 200 23 
0:0:0:0:0:0:0:1 -  -  [27/Dec/2011:08:14:21 +0000] "GET /simplecaptcha/sc.css HTTP/1.1" 200 129 
0:0:0:0:0:0:0:1 -  -  [27/Dec/2011:08:14:21 +0000] "GET /simplecaptcha/simpleCaptcha.jsp HTTP/1.1" 200 572 
0:0:0:0:0:0:0:1 -  -  [27/Dec/2011:08:14:21 +0000] "GET /simplecaptcha/simpleCaptcha.png HTTP/1.1" 200 8854 
0:0:0:0:0:0:0:1 -  -  [27/Dec/2011:08:14:21 +0000] "GET /simplecaptcha/sc.css HTTP/1.1" 200 129 
0:0:0:0:0:0:0:1 -  -  [27/Dec/2011:08:14:21 +0000] "GET /favicon.ico HTTP/1.1" 200 23 
0:0:0:0:0:0:0:1 -  -  [27/Dec/2011:08:14:21 +0000] "GET /simplecaptcha/simpleCaptcha.jsp HTTP/1.1" 200 572 
0:0:0:0:0:0:0:1 -  -  [27/Dec/2011:08:14:21 +0000] "GET /simplecaptcha/simpleCaptcha.png HTTP/1.1" 200 8290 
0:0:0:0:0:0:0:1 -  -  [27/Dec/2011:08:14:21 +0000] "GET /favicon.ico HTTP/1.1" 200 23 
0:0:0:0:0:0:0:1 -  -  [27/Dec/2011:08:14:21 +0000] "GET /simplecaptcha/sc.css HTTP/1.1" 200 129 
0:0:0:0:0:0:0:1 -  -  [27/Dec/2011:08:14:21 +0000] "GET /simplecaptcha/simpleCaptcha.jsp HTTP/1.1" 200 572 
0:0:0:0:0:0:0:1 -  -  [27/Dec/2011:08:14:21 +0000] "GET /simplecaptcha/sc.css HTTP/1.1" 200 129 
0:0:0:0:0:0:0:1 -  -  [27/Dec/2011:08:14:21 +0000] "GET /favicon.ico HTTP/1.1" 200 23 
0:0:0:0:0:0:0:1 -  -  [27/Dec/2011:08:14:21 +0000] "GET /simplecaptcha/simpleCaptcha.png HTTP/1.1" 200 7324 
0:0:0:0:0:0:0:1 -  -  [27/Dec/2011:08:14:21 +0000] "GET /simplecaptcha/simpleCaptcha.jsp HTTP/1.1" 200 572 
0:0:0:0:0:0:0:1 -  -  [27/Dec/2011:08:14:21 +0000] "GET /simplecaptcha/sc.css HTTP/1.1" 200 129 
0:0:0:0:0:0:0:1 -  -  [27/Dec/2011:08:14:21 +0000] "GET /simplecaptcha/simpleCaptcha.jsp HTTP/1.1" 200 572 
0:0:0:0:0:0:0:1 -  -  [27/Dec/2011:08:14:21 +0000] "GET /favicon.ico HTTP/1.1" 200 23 
0:0:0:0:0:0:0:1 -  -  [27/Dec/2011:08:14:21 +0000] "GET /simplecaptcha/sc.css HTTP/1.1" 200 129 
0:0:0:0:0:0:0:1 -  -  [27/Dec/2011:08:14:21 +0000] "GET /simplecaptcha/simpleCaptcha.png HTTP/1.1" 200 7579 
0:0:0:0:0:0:0:1 -  -  [27/Dec/2011:08:14:21 +0000] "GET /simplecaptcha/simpleCaptcha.png HTTP/1.1" 200 9746 
0:0:0:0:0:0:0:1 -  -  [27/Dec/2011:08:14:21 +0000] "GET /simplecaptcha/simpleCaptcha.jsp HTTP/1.1" 200 572 
0:0:0:0:0:0:0:1 -  -  [27/Dec/2011:08:14:21 +0000] "GET /simplecaptcha/sc.css HTTP/1.1" 200 129 
0:0:0:0:0:0:0:1 -  -  [27/Dec/2011:08:14:21 +0000] "GET /simplecaptcha/simpleCaptcha.png HTTP/1.1" 200 9615 
0:0:0:0:0:0:0:1 -  -  [27/Dec/2011:08:14:21 +0000] "GET /simplecaptcha/simpleCaptcha.jsp HTTP/1.1" 200 572 
0:0:0:0:0:0:0:1 -  -  [27/Dec/2011:08:14:21 +0000] "GET /simplecaptcha/sc.css HTTP/1.1" 200 129 
0:0:0:0:0:0:0:1 -  -  [27/Dec/2011:08:14:21 +0000] "GET /simplecaptcha/simpleCaptcha.jsp HTTP/1.1" 200 572 
0:0:0:0:0:0:0:1 -  -  [27/Dec/2011:08:14:21 +0000] "GET /simplecaptcha/sc.css HTTP/1.1" 200 129 
0:0:0:0:0:0:0:1 -  -  [27/Dec/2011:08:14:21 +0000] "GET /favicon.ico HTTP/1.1" 200 23 
0:0:0:0:0:0:0:1 -  -  [27/Dec/2011:08:14:21 +0000] "GET /simplecaptcha/simpleCaptcha.png HTTP/1.1" 200 11001 
0:0:0:0:0:0:0:1 -  -  [27/Dec/2011:08:14:21 +0000] "GET /favicon.ico HTTP/1.1" 200 23 
0:0:0:0:0:0:0:1 -  -  [27/Dec/2011:08:14:22 +0000] "GET /simplecaptcha/simpleCaptcha.jsp HTTP/1.1" 200 572 
0:0:0:0:0:0:0:1 -  -  [27/Dec/2011:08:14:22 +0000] "GET /simplecaptcha/sc.css HTTP/1.1" 200 129 
0:0:0:0:0:0:0:1 -  -  [27/Dec/2011:08:14:22 +0000] "GET /simplecaptcha/simpleCaptcha.png HTTP/1.1" 200 6768 
0:0:0:0:0:0:0:1 -  -  [27/Dec/2011:08:14:22 +0000] "GET /favicon.ico HTTP/1.1" 200 23 
0:0:0:0:0:0:0:1 -  -  [27/Dec/2011:08:14:22 +0000] "GET /simplecaptcha/simpleCaptcha.jsp HTTP/1.1" 200 572 
0:0:0:0:0:0:0:1 -  -  [27/Dec/2011:08:14:22 +0000] "GET /simplecaptcha/sc.css HTTP/1.1" 200 129 
0:0:0:0:0:0:0:1 -  -  [27/Dec/2011:08:14:22 +0000] "GET /simplecaptcha/simpleCaptcha.png HTTP/1.1" 200 7749 
0:0:0:0:0:0:0:1 -  -  [27/Dec/2011:08:14:22 +0000] "GET /favicon.ico HTTP/1.1" 200 23 
0:0:0:0:0:0:0:1 -  -  [27/Dec/2011:08:14:22 +0000] "GET /simplecaptcha/simpleCaptcha.jsp HTTP/1.1" 200 572 
0:0:0:0:0:0:0:1 -  -  [27/Dec/2011:08:14:22 +0000] "GET /simplecaptcha/sc.css HTTP/1.1" 200 129 
0:0:0:0:0:0:0:1 -  -  [27/Dec/2011:08:14:22 +0000] "GET /simplecaptcha/simpleCaptcha.png HTTP/1.1" 200 9982 
0:0:0:0:0:0:0:1 -  -  [27/Dec/2011:08:14:22 +0000] "GET /favicon.ico HTTP/1.1" 200 23 
0:0:0:0:0:0:0:1 -  -  [27/Dec/2011:08:14:22 +0000] "GET /simplecaptcha/simpleCaptcha.jsp HTTP/1.1" 200 572 
0:0:0:0:0:0:0:1 -  -  [27/Dec/2011:08:14:22 +0000] "GET /simplecaptcha/sc.css HTTP/1.1" 200 129 
0:0:0:0:0:0:0:1 -  -  [27/Dec/2011:08:14:22 +0000] "GET /simplecaptcha/simpleCaptcha.png HTTP/1.1" 200 8142 
0:0:0:0:0:0:0:1 -  -  [27/Dec/2011:08:14:22 +0000] "GET /favicon.ico HTTP/1.1" 200 23 
0:0:0:0:0:0:0:1 -  -  [27/Dec/2011:08:14:23 +0000] "GET /simplecaptcha/simpleCaptcha.jsp HTTP/1.1" 200 572 
0:0:0:0:0:0:0:1 -  -  [27/Dec/2011:08:14:23 +0000] "GET /simplecaptcha/sc.css HTTP/1.1" 200 129 
0:0:0:0:0:0:0:1 -  -  [27/Dec/2011:08:14:23 +0000] "GET /simplecaptcha/simpleCaptcha.png HTTP/1.1" 200 10245 
0:0:0:0:0:0:0:1 -  -  [27/Dec/2011:08:14:23 +0000] "GET /favicon.ico HTTP/1.1" 200 23 
0:0:0:0:0:0:0:1 -  -  [27/Dec/2011:08:14:23 +0000] "GET /simplecaptcha/simpleCaptcha.jsp HTTP/1.1" 200 572 
0:0:0:0:0:0:0:1 -  -  [27/Dec/2011:08:14:23 +0000] "GET /simplecaptcha/sc.css HTTP/1.1" 200 129 
0:0:0:0:0:0:0:1 -  -  [27/Dec/2011:08:14:23 +0000] "GET /simplecaptcha/simpleCaptcha.png HTTP/1.1" 200 9776 
0:0:0:0:0:0:0:1 -  -  [27/Dec/2011:08:14:23 +0000] "GET /favicon.ico HTTP/1.1" 200 23 
0:0:0:0:0:0:0:1 -  -  [27/Dec/2011:08:14:23 +0000] "GET /simplecaptcha/simpleCaptcha.jsp HTTP/1.1" 200 572 
0:0:0:0:0:0:0:1 -  -  [27/Dec/2011:08:14:23 +0000] "GET /simplecaptcha/sc.css HTTP/1.1" 200 129 
0:0:0:0:0:0:0:1 -  -  [27/Dec/2011:08:14:23 +0000] "GET /simplecaptcha/simpleCaptcha.png HTTP/1.1" 200 10551 
0:0:0:0:0:0:0:1 -  -  [27/Dec/2011:08:14:23 +0000] "GET /favicon.ico HTTP/1.1" 200 23 
0:0:0:0:0:0:0:1 -  -  [27/Dec/2011:08:14:23 +0000] "GET /simplecaptcha/simpleCaptcha.jsp HTTP/1.1" 200 572 
0:0:0:0:0:0:0:1 -  -  [27/Dec/2011:08:14:23 +0000] "GET /simplecaptcha/sc.css HTTP/1.1" 200 129 
0:0:0:0:0:0:0:1 -  -  [27/Dec/2011:08:14:23 +0000] "GET /simplecaptcha/simpleCaptcha.png HTTP/1.1" 200 10165 
0:0:0:0:0:0:0:1 -  -  [27/Dec/2011:08:14:23 +0000] "GET /favicon.ico HTTP/1.1" 200 23 
0:0:0:0:0:0:0:1 -  -  [27/Dec/2011:08:14:23 +0000] "GET /simplecaptcha/simpleCaptcha.jsp HTTP/1.1" 200 572 
0:0:0:0:0:0:0:1 -  -  [27/Dec/2011:08:14:23 +0000] "GET /simplecaptcha/sc.css HTTP/1.1" 200 129 
0:0:0:0:0:0:0:1 -  -  [27/Dec/2011:08:14:23 +0000] "GET /simplecaptcha/simpleCaptcha.png HTTP/1.1" 200 7782 
0:0:0:0:0:0:0:1 -  -  [27/Dec/2011:08:14:23 +0000] "GET /favicon.ico HTTP/1.1" 200 23 
0:0:0:0:0:0:0:1 -  -  [27/Dec/2011:08:14:24 +0000] "GET /simplecaptcha/simpleCaptcha.jsp HTTP/1.1" 200 572 
0:0:0:0:0:0:0:1 -  -  [27/Dec/2011:08:14:24 +0000] "GET /simplecaptcha/sc.css HTTP/1.1" 200 129 
0:0:0:0:0:0:0:1 -  -  [27/Dec/2011:08:14:24 +0000] "GET /simplecaptcha/simpleCaptcha.png HTTP/1.1" 200 8105 
0:0:0:0:0:0:0:1 -  -  [27/Dec/2011:08:14:24 +0000] "GET /favicon.ico HTTP/1.1" 200 23 
0:0:0:0:0:0:0:1 -  -  [27/Dec/2011:08:14:24 +0000] "GET /simplecaptcha/simpleCaptcha.jsp HTTP/1.1" 200 572 
0:0:0:0:0:0:0:1 -  -  [27/Dec/2011:08:14:24 +0000] "GET /simplecaptcha/sc.css HTTP/1.1" 200 129 
0:0:0:0:0:0:0:1 -  -  [27/Dec/2011:08:14:24 +0000] "GET /simplecaptcha/simpleCaptcha.png HTTP/1.1" 200 7397 
0:0:0:0:0:0:0:1 -  -  [27/Dec/2011:08:14:24 +0000] "GET /favicon.ico HTTP/1.1" 200 23 
0:0:0:0:0:0:0:1 -  -  [27/Dec/2011:08:14:24 +0000] "GET /simplecaptcha/simpleCaptcha.jsp HTTP/1.1" 200 572 
0:0:0:0:0:0:0:1 -  -  [27/Dec/2011:08:14:24 +0000] "GET /simplecaptcha/sc.css HTTP/1.1" 200 129 
0:0:0:0:0:0:0:1 -  -  [27/Dec/2011:08:14:24 +0000] "GET /simplecaptcha/simpleCaptcha.png HTTP/1.1" 200 8244 
0:0:0:0:0:0:0:1 -  -  [27/Dec/2011:08:14:24 +0000] "GET /favicon.ico HTTP/1.1" 200 23 
0:0:0:0:0:0:0:1 -  -  [27/Dec/2011:08:14:24 +0000] "GET /simplecaptcha/simpleCaptcha.jsp HTTP/1.1" 200 572 
0:0:0:0:0:0:0:1 -  -  [27/Dec/2011:08:14:24 +0000] "GET /simplecaptcha/sc.css HTTP/1.1" 200 129 
0:0:0:0:0:0:0:1 -  -  [27/Dec/2011:08:14:24 +0000] "GET /simplecaptcha/simpleCaptcha.png HTTP/1.1" 200 7538 
0:0:0:0:0:0:0:1 -  -  [27/Dec/2011:08:14:24 +0000] "GET /favicon.ico HTTP/1.1" 200 23 
0:0:0:0:0:0:0:1 -  -  [27/Dec/2011:08:14:24 +0000] "GET /simplecaptcha/simpleCaptcha.jsp HTTP/1.1" 200 572 
0:0:0:0:0:0:0:1 -  -  [27/Dec/2011:08:14:24 +0000] "GET /simplecaptcha/sc.css HTTP/1.1" 200 129 
0:0:0:0:0:0:0:1 -  -  [27/Dec/2011:08:14:24 +0000] "GET /simplecaptcha/simpleCaptcha.png HTTP/1.1" 200 7155 
0:0:0:0:0:0:0:1 -  -  [27/Dec/2011:08:14:24 +0000] "GET /favicon.ico HTTP/1.1" 200 23 
0:0:0:0:0:0:0:1 -  -  [27/Dec/2011:08:14:24 +0000] "GET /simplecaptcha/simpleCaptcha.jsp HTTP/1.1" 200 572 
0:0:0:0:0:0:0:1 -  -  [27/Dec/2011:08:14:24 +0000] "GET /simplecaptcha/sc.css HTTP/1.1" 200 129 
0:0:0:0:0:0:0:1 -  -  [27/Dec/2011:08:14:24 +0000] "GET /simplecaptcha/simpleCaptcha.png HTTP/1.1" 200 7676 
0:0:0:0:0:0:0:1 -  -  [27/Dec/2011:08:14:24 +0000] "GET /favicon.ico HTTP/1.1" 200 23 
0:0:0:0:0:0:0:1 -  -  [27/Dec/2011:08:14:25 +0000] "GET /simplecaptcha/simpleCaptcha.jsp HTTP/1.1" 200 572 
0:0:0:0:0:0:0:1 -  -  [27/Dec/2011:08:14:25 +0000] "GET /simplecaptcha/sc.css HTTP/1.1" 200 129 
0:0:0:0:0:0:0:1 -  -  [27/Dec/2011:08:14:25 +0000] "GET /simplecaptcha/simpleCaptcha.png HTTP/1.1" 200 9675 
0:0:0:0:0:0:0:1 -  -  [27/Dec/2011:08:14:25 +0000] "GET /favicon.ico HTTP/1.1" 200 23 
0:0:0:0:0:0:0:1 -  -  [27/Dec/2011:08:14:25 +0000] "GET /simplecaptcha/simpleCaptcha.jsp HTTP/1.1" 200 572 
0:0:0:0:0:0:0:1 -  -  [27/Dec/2011:08:14:25 +0000] "GET /simplecaptcha/sc.css HTTP/1.1" 200 129 
0:0:0:0:0:0:0:1 -  -  [27/Dec/2011:08:14:25 +0000] "GET /simplecaptcha/simpleCaptcha.png HTTP/1.1" 200 7198 
0:0:0:0:0:0:0:1 -  -  [27/Dec/2011:08:14:25 +0000] "GET /favicon.ico HTTP/1.1" 200 23 
0:0:0:0:0:0:0:1 -  -  [27/Dec/2011:08:14:25 +0000] "GET /simplecaptcha/simpleCaptcha.jsp HTTP/1.1" 200 572 
0:0:0:0:0:0:0:1 -  -  [27/Dec/2011:08:14:25 +0000] "GET /simplecaptcha/sc.css HTTP/1.1" 200 129 
0:0:0:0:0:0:0:1 -  -  [27/Dec/2011:08:14:25 +0000] "GET /simplecaptcha/simpleCaptcha.png HTTP/1.1" 200 8064 
0:0:0:0:0:0:0:1 -  -  [27/Dec/2011:08:14:25 +0000] "GET /favicon.ico HTTP/1.1" 200 23 
0:0:0:0:0:0:0:1 -  -  [27/Dec/2011:08:14:25 +0000] "GET /simplecaptcha/simpleCaptcha.jsp HTTP/1.1" 200 572 
0:0:0:0:0:0:0:1 -  -  [27/Dec/2011:08:14:25 +0000] "GET /simplecaptcha/sc.css HTTP/1.1" 200 129 
0:0:0:0:0:0:0:1 -  -  [27/Dec/2011:08:14:25 +0000] "GET /simplecaptcha/simpleCaptcha.png HTTP/1.1" 200 10437 
0:0:0:0:0:0:0:1 -  -  [27/Dec/2011:08:14:25 +0000] "GET /favicon.ico HTTP/1.1" 200 23 
0:0:0:0:0:0:0:1 -  -  [27/Dec/2011:08:14:25 +0000] "GET /simplecaptcha/simpleCaptcha.jsp HTTP/1.1" 200 572 
0:0:0:0:0:0:0:1 -  -  [27/Dec/2011:08:14:25 +0000] "GET /simplecaptcha/sc.css HTTP/1.1" 200 129 
0:0:0:0:0:0:0:1 -  -  [27/Dec/2011:08:14:25 +0000] "GET /simplecaptcha/simpleCaptcha.png HTTP/1.1" 200 11199 
0:0:0:0:0:0:0:1 -  -  [27/Dec/2011:08:14:25 +0000] "GET /favicon.ico HTTP/1.1" 200 23 
0:0:0:0:0:0:0:1 -  -  [27/Dec/2011:08:14:26 +0000] "GET /simplecaptcha/simpleCaptcha.jsp HTTP/1.1" 200 572 
0:0:0:0:0:0:0:1 -  -  [27/Dec/2011:08:14:26 +0000] "GET /simplecaptcha/sc.css HTTP/1.1" 200 129 
0:0:0:0:0:0:0:1 -  -  [27/Dec/2011:08:14:26 +0000] "GET /simplecaptcha/simpleCaptcha.png HTTP/1.1" 200 10004 
0:0:0:0:0:0:0:1 -  -  [27/Dec/2011:08:14:26 +0000] "GET /favicon.ico HTTP/1.1" 200 23 
0:0:0:0:0:0:0:1 -  -  [27/Dec/2011:08:14:26 +0000] "GET /simplecaptcha/simpleCaptcha.jsp HTTP/1.1" 200 572 
0:0:0:0:0:0:0:1 -  -  [27/Dec/2011:08:14:26 +0000] "GET /simplecaptcha/sc.css HTTP/1.1" 200 129 
0:0:0:0:0:0:0:1 -  -  [27/Dec/2011:08:14:26 +0000] "GET /simplecaptcha/simpleCaptcha.png HTTP/1.1" 200 7777 
0:0:0:0:0:0:0:1 -  -  [27/Dec/2011:08:14:26 +0000] "GET /favicon.ico HTTP/1.1" 200 23 
0:0:0:0:0:0:0:1 -  -  [27/Dec/2011:08:14:26 +0000] "GET /simplecaptcha/simpleCaptcha.jsp HTTP/1.1" 200 572 
0:0:0:0:0:0:0:1 -  -  [27/Dec/2011:08:14:26 +0000] "GET /simplecaptcha/sc.css HTTP/1.1" 200 129 
0:0:0:0:0:0:0:1 -  -  [27/Dec/2011:08:14:26 +0000] "GET /simplecaptcha/simpleCaptcha.png HTTP/1.1" 200 7422 
0:0:0:0:0:0:0:1 -  -  [27/Dec/2011:08:14:26 +0000] "GET /favicon.ico HTTP/1.1" 200 23 
0:0:0:0:0:0:0:1 -  -  [27/Dec/2011:08:14:26 +0000] "GET /simplecaptcha/simpleCaptcha.jsp HTTP/1.1" 200 572 
0:0:0:0:0:0:0:1 -  -  [27/Dec/2011:08:14:26 +0000] "GET /simplecaptcha/sc.css HTTP/1.1" 200 129 
0:0:0:0:0:0:0:1 -  -  [27/Dec/2011:08:14:26 +0000] "GET /simplecaptcha/simpleCaptcha.png HTTP/1.1" 200 11552 
0:0:0:0:0:0:0:1 -  -  [27/Dec/2011:08:14:26 +0000] "GET /favicon.ico HTTP/1.1" 200 23 
0:0:0:0:0:0:0:1 -  -  [27/Dec/2011:08:14:26 +0000] "GET /simplecaptcha/simpleCaptcha.jsp HTTP/1.1" 200 572 
0:0:0:0:0:0:0:1 -  -  [27/Dec/2011:08:14:26 +0000] "GET /simplecaptcha/sc.css HTTP/1.1" 200 129 
0:0:0:0:0:0:0:1 -  -  [27/Dec/2011:08:14:26 +0000] "GET /simplecaptcha/simpleCaptcha.png HTTP/1.1" 200 6992 
0:0:0:0:0:0:0:1 -  -  [27/Dec/2011:08:14:26 +0000] "GET /favicon.ico HTTP/1.1" 200 23 
0:0:0:0:0:0:0:1 -  -  [27/Dec/2011:08:14:26 +0000] "GET /simplecaptcha/simpleCaptcha.jsp HTTP/1.1" 200 572 
0:0:0:0:0:0:0:1 -  -  [27/Dec/2011:08:14:26 +0000] "GET /simplecaptcha/sc.css HTTP/1.1" 200 129 
0:0:0:0:0:0:0:1 -  -  [27/Dec/2011:08:14:26 +0000] "GET /simplecaptcha/simpleCaptcha.png HTTP/1.1" 200 7722 
0:0:0:0:0:0:0:1 -  -  [27/Dec/2011:08:14:27 +0000] "GET /favicon.ico HTTP/1.1" 200 23 
0:0:0:0:0:0:0:1 -  -  [27/Dec/2011:08:14:27 +0000] "GET /simplecaptcha/simpleCaptcha.jsp HTTP/1.1" 200 572 
0:0:0:0:0:0:0:1 -  -  [27/Dec/2011:08:14:27 +0000] "GET /simplecaptcha/sc.css HTTP/1.1" 200 129 
0:0:0:0:0:0:0:1 -  -  [27/Dec/2011:08:14:27 +0000] "GET /simplecaptcha/simpleCaptcha.png HTTP/1.1" 200 7565 
0:0:0:0:0:0:0:1 -  -  [27/Dec/2011:08:14:27 +0000] "GET /favicon.ico HTTP/1.1" 200 23 
0:0:0:0:0:0:0:1 -  -  [27/Dec/2011:08:14:27 +0000] "GET /simplecaptcha/simpleCaptcha.jsp HTTP/1.1" 200 572 
0:0:0:0:0:0:0:1 -  -  [27/Dec/2011:08:14:27 +0000] "GET /simplecaptcha/sc.css HTTP/1.1" 200 129 
0:0:0:0:0:0:0:1 -  -  [27/Dec/2011:08:14:27 +0000] "GET /simplecaptcha/simpleCaptcha.png HTTP/1.1" 200 9869 
0:0:0:0:0:0:0:1 -  -  [27/Dec/2011:08:14:27 +0000] "GET /favicon.ico HTTP/1.1" 200 23 
0:0:0:0:0:0:0:1 -  -  [27/Dec/2011:08:14:27 +0000] "GET /simplecaptcha/simpleCaptcha.jsp HTTP/1.1" 200 572 
0:0:0:0:0:0:0:1 -  -  [27/Dec/2011:08:14:27 +0000] "GET /simplecaptcha/sc.css HTTP/1.1" 200 129 
0:0:0:0:0:0:0:1 -  -  [27/Dec/2011:08:14:27 +0000] "GET /simplecaptcha/simpleCaptcha.png HTTP/1.1" 200 7867 
0:0:0:0:0:0:0:1 -  -  [27/Dec/2011:08:14:27 +0000] "GET /favicon.ico HTTP/1.1" 200 23 
0:0:0:0:0:0:0:1 -  -  [27/Dec/2011:08:14:27 +0000] "GET /simplecaptcha/simpleCaptcha.jsp HTTP/1.1" 200 572 
0:0:0:0:0:0:0:1 -  -  [27/Dec/2011:08:14:27 +0000] "GET /simplecaptcha/sc.css HTTP/1.1" 200 129 
0:0:0:0:0:0:0:1 -  -  [27/Dec/2011:08:14:27 +0000] "GET /simplecaptcha/simpleCaptcha.png HTTP/1.1" 200 8825 
0:0:0:0:0:0:0:1 -  -  [27/Dec/2011:08:14:27 +0000] "GET /favicon.ico HTTP/1.1" 200 23 
0:0:0:0:0:0:0:1 -  -  [27/Dec/2011:08:14:27 +0000] "GET /simplecaptcha/simpleCaptcha.jsp HTTP/1.1" 200 572 
0:0:0:0:0:0:0:1 -  -  [27/Dec/2011:08:14:27 +0000] "GET /simplecaptcha/sc.css HTTP/1.1" 200 129 
0:0:0:0:0:0:0:1 -  -  [27/Dec/2011:08:14:27 +0000] "GET /simplecaptcha/simpleCaptcha.png HTTP/1.1" 200 9277 
0:0:0:0:0:0:0:1 -  -  [27/Dec/2011:08:14:27 +0000] "GET /favicon.ico HTTP/1.1" 200 23 
0:0:0:0:0:0:0:1 -  -  [27/Dec/2011:08:14:28 +0000] "GET /simplecaptcha/simpleCaptcha.jsp HTTP/1.1" 200 572 
0:0:0:0:0:0:0:1 -  -  [27/Dec/2011:08:14:28 +0000] "GET /simplecaptcha/sc.css HTTP/1.1" 200 129 
0:0:0:0:0:0:0:1 -  -  [27/Dec/2011:08:14:28 +0000] "GET /simplecaptcha/simpleCaptcha.png HTTP/1.1" 200 10502 
0:0:0:0:0:0:0:1 -  -  [27/Dec/2011:08:14:28 +0000] "GET /favicon.ico HTTP/1.1" 200 23 
0:0:0:0:0:0:0:1 -  -  [27/Dec/2011:08:14:28 +0000] "GET /simplecaptcha/simpleCaptcha.jsp HTTP/1.1" 200 572 
0:0:0:0:0:0:0:1 -  -  [27/Dec/2011:08:14:28 +0000] "GET /simplecaptcha/sc.css HTTP/1.1" 200 129 
0:0:0:0:0:0:0:1 -  -  [27/Dec/2011:08:14:28 +0000] "GET /simplecaptcha/simpleCaptcha.png HTTP/1.1" 200 10540 
0:0:0:0:0:0:0:1 -  -  [27/Dec/2011:08:14:28 +0000] "GET /favicon.ico HTTP/1.1" 200 23 
0:0:0:0:0:0:0:1 -  -  [27/Dec/2011:08:14:28 +0000] "GET /simplecaptcha/simpleCaptcha.jsp HTTP/1.1" 200 572 
0:0:0:0:0:0:0:1 -  -  [27/Dec/2011:08:14:28 +0000] "GET /simplecaptcha/sc.css HTTP/1.1" 200 129 
0:0:0:0:0:0:0:1 -  -  [27/Dec/2011:08:14:28 +0000] "GET /simplecaptcha/simpleCaptcha.jsp HTTP/1.1" 200 572 
0:0:0:0:0:0:0:1 -  -  [27/Dec/2011:08:14:28 +0000] "GET /favicon.ico HTTP/1.1" 200 23 
0:0:0:0:0:0:0:1 -  -  [27/Dec/2011:08:14:28 +0000] "GET /simplecaptcha/simpleCaptcha.png HTTP/1.1" 200 10738 
0:0:0:0:0:0:0:1 -  -  [27/Dec/2011:08:14:28 +0000] "GET /simplecaptcha/sc.css HTTP/1.1" 200 129 
0:0:0:0:0:0:0:1 -  -  [27/Dec/2011:08:14:28 +0000] "GET /simplecaptcha/simpleCaptcha.jsp HTTP/1.1" 200 572 
0:0:0:0:0:0:0:1 -  -  [27/Dec/2011:08:14:28 +0000] "GET /favicon.ico HTTP/1.1" 200 23 
0:0:0:0:0:0:0:1 -  -  [27/Dec/2011:08:14:28 +0000] "GET /simplecaptcha/simpleCaptcha.png HTTP/1.1" 200 9573 
0:0:0:0:0:0:0:1 -  -  [27/Dec/2011:08:14:28 +0000] "GET /simplecaptcha/sc.css HTTP/1.1" 200 129 
0:0:0:0:0:0:0:1 -  -  [27/Dec/2011:08:14:28 +0000] "GET /simplecaptcha/simpleCaptcha.png HTTP/1.1" 200 10147 
0:0:0:0:0:0:0:1 -  -  [27/Dec/2011:08:14:28 +0000] "GET /favicon.ico HTTP/1.1" 200 23 
0:0:0:0:0:0:0:1 -  -  [27/Dec/2011:08:14:28 +0000] "GET /simplecaptcha/simpleCaptcha.jsp HTTP/1.1" 200 572 
0:0:0:0:0:0:0:1 -  -  [27/Dec/2011:08:14:28 +0000] "GET /simplecaptcha/sc.css HTTP/1.1" 200 129 
0:0:0:0:0:0:0:1 -  -  [27/Dec/2011:08:14:28 +0000] "GET /simplecaptcha/simpleCaptcha.png HTTP/1.1" 200 7547 
0:0:0:0:0:0:0:1 -  -  [27/Dec/2011:08:14:28 +0000] "GET /simplecaptcha/simpleCaptcha.jsp HTTP/1.1" 200 572 
0:0:0:0:0:0:0:1 -  -  [27/Dec/2011:08:14:28 +0000] "GET /simplecaptcha/sc.css HTTP/1.1" 200 129 
0:0:0:0:0:0:0:1 -  -  [27/Dec/2011:08:14:28 +0000] "GET /favicon.ico HTTP/1.1" 200 23 
0:0:0:0:0:0:0:1 -  -  [27/Dec/2011:08:14:28 +0000] "GET /simplecaptcha/simpleCaptcha.jsp HTTP/1.1" 200 572 
0:0:0:0:0:0:0:1 -  -  [27/Dec/2011:08:14:28 +0000] "GET /simplecaptcha/sc.css HTTP/1.1" 200 129 
0:0:0:0:0:0:0:1 -  -  [27/Dec/2011:08:14:28 +0000] "GET /simplecaptcha/simpleCaptcha.png HTTP/1.1" 200 7741 
0:0:0:0:0:0:0:1 -  -  [27/Dec/2011:08:14:29 +0000] "GET /simplecaptcha/simpleCaptcha.jsp HTTP/1.1" 200 572 
0:0:0:0:0:0:0:1 -  -  [27/Dec/2011:08:14:29 +0000] "GET /simplecaptcha/sc.css HTTP/1.1" 200 129 
0:0:0:0:0:0:0:1 -  -  [27/Dec/2011:08:14:29 +0000] "GET /favicon.ico HTTP/1.1" 200 23 
0:0:0:0:0:0:0:1 -  -  [27/Dec/2011:08:14:29 +0000] "GET /simplecaptcha/simpleCaptcha.jsp HTTP/1.1" 200 572 
0:0:0:0:0:0:0:1 -  -  [27/Dec/2011:08:14:29 +0000] "GET /simplecaptcha/simpleCaptcha.png HTTP/1.1" 200 10254 
0:0:0:0:0:0:0:1 -  -  [27/Dec/2011:08:14:29 +0000] "GET /simplecaptcha/sc.css HTTP/1.1" 200 129 
0:0:0:0:0:0:0:1 -  -  [27/Dec/2011:08:14:29 +0000] "GET /simplecaptcha/simpleCaptcha.jsp HTTP/1.1" 200 572 
0:0:0:0:0:0:0:1 -  -  [27/Dec/2011:08:14:29 +0000] "GET /favicon.ico HTTP/1.1" 200 23 
0:0:0:0:0:0:0:1 -  -  [27/Dec/2011:08:14:29 +0000] "GET /simplecaptcha/sc.css HTTP/1.1" 200 129 
0:0:0:0:0:0:0:1 -  -  [27/Dec/2011:08:14:29 +0000] "GET /simplecaptcha/simpleCaptcha.png HTTP/1.1" 200 7173 
0:0:0:0:0:0:0:1 -  -  [27/Dec/2011:08:14:29 +0000] "GET /simplecaptcha/simpleCaptcha.png HTTP/1.1" 200 10788 
0:0:0:0:0:0:0:1 -  -  [27/Dec/2011:08:14:29 +0000] "GET /favicon.ico HTTP/1.1" 200 23 
0:0:0:0:0:0:0:1 -  -  [27/Dec/2011:08:14:29 +0000] "GET /simplecaptcha/simpleCaptcha.jsp HTTP/1.1" 200 572 
0:0:0:0:0:0:0:1 -  -  [27/Dec/2011:08:14:29 +0000] "GET /simplecaptcha/sc.css HTTP/1.1" 200 129 
0:0:0:0:0:0:0:1 -  -  [27/Dec/2011:08:14:29 +0000] "GET /favicon.ico HTTP/1.1" 200 23 
0:0:0:0:0:0:0:1 -  -  [27/Dec/2011:08:14:29 +0000] "GET /simplecaptcha/simpleCaptcha.png HTTP/1.1" 200 8368 
0:0:0:0:0:0:0:1 -  -  [27/Dec/2011:08:14:29 +0000] "GET /favicon.ico HTTP/1.1" 200 23 
0:0:0:0:0:0:0:1 -  -  [27/Dec/2011:08:14:29 +0000] "GET /simplecaptcha/simpleCaptcha.jsp HTTP/1.1" 200 572 
0:0:0:0:0:0:0:1 -  -  [27/Dec/2011:08:14:29 +0000] "GET /simplecaptcha/sc.css HTTP/1.1" 200 129 
0:0:0:0:0:0:0:1 -  -  [27/Dec/2011:08:14:29 +0000] "GET /simplecaptcha/simpleCaptcha.png HTTP/1.1" 200 7633 
0:0:0:0:0:0:0:1 -  -  [27/Dec/2011:08:14:29 +0000] "GET /favicon.ico HTTP/1.1" 200 23 
0:0:0:0:0:0:0:1 -  -  [27/Dec/2011:08:14:29 +0000] "GET /simplecaptcha/simpleCaptcha.jsp HTTP/1.1" 200 572 
0:0:0:0:0:0:0:1 -  -  [27/Dec/2011:08:14:29 +0000] "GET /simplecaptcha/sc.css HTTP/1.1" 200 129 
0:0:0:0:0:0:0:1 -  -  [27/Dec/2011:08:14:29 +0000] "GET /simplecaptcha/simpleCaptcha.png HTTP/1.1" 200 7427 
0:0:0:0:0:0:0:1 -  -  [27/Dec/2011:08:14:29 +0000] "GET /favicon.ico HTTP/1.1" 200 23 
0:0:0:0:0:0:0:1 -  -  [27/Dec/2011:08:14:29 +0000] "GET /simplecaptcha/simpleCaptcha.jsp HTTP/1.1" 200 572 
0:0:0:0:0:0:0:1 -  -  [27/Dec/2011:08:14:29 +0000] "GET /simplecaptcha/sc.css HTTP/1.1" 200 129 
0:0:0:0:0:0:0:1 -  -  [27/Dec/2011:08:14:29 +0000] "GET /simplecaptcha/simpleCaptcha.png HTTP/1.1" 200 10453 
0:0:0:0:0:0:0:1 -  -  [27/Dec/2011:08:14:29 +0000] "GET /favicon.ico HTTP/1.1" 200 23 
0:0:0:0:0:0:0:1 -  -  [27/Dec/2011:08:14:30 +0000] "GET /simplecaptcha/simpleCaptcha.jsp HTTP/1.1" 200 572 
0:0:0:0:0:0:0:1 -  -  [27/Dec/2011:08:14:30 +0000] "GET /simplecaptcha/sc.css HTTP/1.1" 200 129 
0:0:0:0:0:0:0:1 -  -  [27/Dec/2011:08:14:30 +0000] "GET /simplecaptcha/simpleCaptcha.png HTTP/1.1" 200 11495 
0:0:0:0:0:0:0:1 -  -  [27/Dec/2011:08:14:30 +0000] "GET /favicon.ico HTTP/1.1" 200 23 
0:0:0:0:0:0:0:1 -  -  [27/Dec/2011:08:14:30 +0000] "GET /simplecaptcha/simpleCaptcha.jsp HTTP/1.1" 200 572 
0:0:0:0:0:0:0:1 -  -  [27/Dec/2011:08:14:30 +0000] "GET /simplecaptcha/sc.css HTTP/1.1" 200 129 
0:0:0:0:0:0:0:1 -  -  [27/Dec/2011:08:14:30 +0000] "GET /simplecaptcha/simpleCaptcha.png HTTP/1.1" 200 8179 
0:0:0:0:0:0:0:1 -  -  [27/Dec/2011:08:14:30 +0000] "GET /favicon.ico HTTP/1.1" 200 23 
0:0:0:0:0:0:0:1 -  -  [27/Dec/2011:08:14:30 +0000] "GET /simplecaptcha/simpleCaptcha.jsp HTTP/1.1" 200 572 
0:0:0:0:0:0:0:1 -  -  [27/Dec/2011:08:14:30 +0000] "GET /simplecaptcha/sc.css HTTP/1.1" 200 129 
0:0:0:0:0:0:0:1 -  -  [27/Dec/2011:08:14:30 +0000] "GET /simplecaptcha/simpleCaptcha.png HTTP/1.1" 200 10205 
0:0:0:0:0:0:0:1 -  -  [27/Dec/2011:08:14:30 +0000] "GET /favicon.ico HTTP/1.1" 200 23 
0:0:0:0:0:0:0:1 -  -  [27/Dec/2011:08:14:30 +0000] "GET /simplecaptcha/simpleCaptcha.jsp HTTP/1.1" 200 572 
0:0:0:0:0:0:0:1 -  -  [27/Dec/2011:08:14:30 +0000] "GET /simplecaptcha/sc.css HTTP/1.1" 200 129 
0:0:0:0:0:0:0:1 -  -  [27/Dec/2011:08:14:30 +0000] "GET /simplecaptcha/simpleCaptcha.png HTTP/1.1" 200 6923 
0:0:0:0:0:0:0:1 -  -  [27/Dec/2011:08:14:30 +0000] "GET /favicon.ico HTTP/1.1" 200 23 
0:0:0:0:0:0:0:1 -  -  [27/Dec/2011:08:14:30 +0000] "GET /simplecaptcha/simpleCaptcha.jsp HTTP/1.1" 200 572 
0:0:0:0:0:0:0:1 -  -  [27/Dec/2011:08:14:30 +0000] "GET /simplecaptcha/sc.css HTTP/1.1" 200 129 
0:0:0:0:0:0:0:1 -  -  [27/Dec/2011:08:14:30 +0000] "GET /simplecaptcha/simpleCaptcha.png HTTP/1.1" 200 7844 
0:0:0:0:0:0:0:1 -  -  [27/Dec/2011:08:14:30 +0000] "GET /favicon.ico HTTP/1.1" 200 23 
0:0:0:0:0:0:0:1 -  -  [27/Dec/2011:08:14:31 +0000] "GET /simplecaptcha/simpleCaptcha.jsp HTTP/1.1" 200 572 
0:0:0:0:0:0:0:1 -  -  [27/Dec/2011:08:14:31 +0000] "GET /simplecaptcha/sc.css HTTP/1.1" 200 129 
0:0:0:0:0:0:0:1 -  -  [27/Dec/2011:08:14:31 +0000] "GET /simplecaptcha/simpleCaptcha.png HTTP/1.1" 200 9648 
0:0:0:0:0:0:0:1 -  -  [27/Dec/2011:08:14:31 +0000] "GET /favicon.ico HTTP/1.1" 200 23 
0:0:0:0:0:0:0:1 -  -  [27/Dec/2011:08:14:31 +0000] "GET /simplecaptcha/simpleCaptcha.jsp HTTP/1.1" 200 572 
0:0:0:0:0:0:0:1 -  -  [27/Dec/2011:08:14:31 +0000] "GET /simplecaptcha/sc.css HTTP/1.1" 200 129 
0:0:0:0:0:0:0:1 -  -  [27/Dec/2011:08:14:31 +0000] "GET /simplecaptcha/simpleCaptcha.png HTTP/1.1" 200 10601 
0:0:0:0:0:0:0:1 -  -  [27/Dec/2011:08:14:31 +0000] "GET /favicon.ico HTTP/1.1" 200 23 
0:0:0:0:0:0:0:1 -  -  [27/Dec/2011:08:14:31 +0000] "GET /simplecaptcha/simpleCaptcha.jsp HTTP/1.1" 200 572 
0:0:0:0:0:0:0:1 -  -  [27/Dec/2011:08:14:31 +0000] "GET /simplecaptcha/sc.css HTTP/1.1" 200 129 
0:0:0:0:0:0:0:1 -  -  [27/Dec/2011:08:14:31 +0000] "GET /simplecaptcha/simpleCaptcha.png HTTP/1.1" 200 7362 
0:0:0:0:0:0:0:1 -  -  [27/Dec/2011:08:14:31 +0000] "GET /favicon.ico HTTP/1.1" 200 23 
0:0:0:0:0:0:0:1 -  -  [27/Dec/2011:08:14:31 +0000] "GET /simplecaptcha/simpleCaptcha.jsp HTTP/1.1" 200 572 
0:0:0:0:0:0:0:1 -  -  [27/Dec/2011:08:14:31 +0000] "GET /simplecaptcha/sc.css HTTP/1.1" 200 129 
0:0:0:0:0:0:0:1 -  -  [27/Dec/2011:08:14:31 +0000] "GET /simplecaptcha/simpleCaptcha.png HTTP/1.1" 200 11254 
0:0:0:0:0:0:0:1 -  -  [27/Dec/2011:08:14:31 +0000] "GET /favicon.ico HTTP/1.1" 200 23 
0:0:0:0:0:0:0:1 -  -  [27/Dec/2011:08:14:32 +0000] "GET /simplecaptcha/simpleCaptcha.jsp HTTP/1.1" 200 572 
0:0:0:0:0:0:0:1 -  -  [27/Dec/2011:08:14:32 +0000] "GET /simplecaptcha/sc.css HTTP/1.1" 200 129 
0:0:0:0:0:0:0:1 -  -  [27/Dec/2011:08:14:32 +0000] "GET /simplecaptcha/simpleCaptcha.png HTTP/1.1" 200 10478 
0:0:0:0:0:0:0:1 -  -  [27/Dec/2011:08:14:32 +0000] "GET /favicon.ico HTTP/1.1" 200 23 
0:0:0:0:0:0:0:1 -  -  [27/Dec/2011:08:14:32 +0000] "GET /simplecaptcha/simpleCaptcha.jsp HTTP/1.1" 200 572 
0:0:0:0:0:0:0:1 -  -  [27/Dec/2011:08:14:32 +0000] "GET /simplecaptcha/sc.css HTTP/1.1" 200 129 
0:0:0:0:0:0:0:1 -  -  [27/Dec/2011:08:14:32 +0000] "GET /simplecaptcha/simpleCaptcha.png HTTP/1.1" 200 11413 
0:0:0:0:0:0:0:1 -  -  [27/Dec/2011:08:14:32 +0000] "GET /favicon.ico HTTP/1.1" 200 23 
0:0:0:0:0:0:0:1 -  -  [27/Dec/2011:08:14:32 +0000] "GET /simplecaptcha/simpleCaptcha.jsp HTTP/1.1" 200 572 
0:0:0:0:0:0:0:1 -  -  [27/Dec/2011:08:14:33 +0000] "GET /simplecaptcha/sc.css HTTP/1.1" 200 129 
0:0:0:0:0:0:0:1 -  -  [27/Dec/2011:08:14:33 +0000] "GET /simplecaptcha/simpleCaptcha.png HTTP/1.1" 200 7753 
0:0:0:0:0:0:0:1 -  -  [27/Dec/2011:08:14:33 +0000] "GET /favicon.ico HTTP/1.1" 200 23 
0:0:0:0:0:0:0:1 -  -  [27/Dec/2011:08:14:33 +0000] "GET /simplecaptcha/simpleCaptcha.jsp HTTP/1.1" 200 572 
0:0:0:0:0:0:0:1 -  -  [27/Dec/2011:08:14:33 +0000] "GET /simplecaptcha/sc.css HTTP/1.1" 200 129 
0:0:0:0:0:0:0:1 -  -  [27/Dec/2011:08:14:33 +0000] "GET /simplecaptcha/simpleCaptcha.png HTTP/1.1" 200 8335 
0:0:0:0:0:0:0:1 -  -  [27/Dec/2011:08:14:33 +0000] "GET /favicon.ico HTTP/1.1" 200 23 
0:0:0:0:0:0:0:1 -  -  [27/Dec/2011:08:14:34 +0000] "GET /simplecaptcha/simpleCaptcha.jsp HTTP/1.1" 200 572 
0:0:0:0:0:0:0:1 -  -  [27/Dec/2011:08:14:34 +0000] "GET /simplecaptcha/sc.css HTTP/1.1" 200 129 
0:0:0:0:0:0:0:1 -  -  [27/Dec/2011:08:14:34 +0000] "GET /simplecaptcha/simpleCaptcha.png HTTP/1.1" 200 9935 
0:0:0:0:0:0:0:1 -  -  [27/Dec/2011:08:14:34 +0000] "GET /favicon.ico HTTP/1.1" 200 23 
0:0:0:0:0:0:0:1 -  -  [27/Dec/2011:08:14:34 +0000] "GET /simplecaptcha/simpleCaptcha.jsp HTTP/1.1" 200 572 
0:0:0:0:0:0:0:1 -  -  [27/Dec/2011:08:14:34 +0000] "GET /simplecaptcha/sc.css HTTP/1.1" 200 129 
0:0:0:0:0:0:0:1 -  -  [27/Dec/2011:08:14:34 +0000] "GET /simplecaptcha/simpleCaptcha.png HTTP/1.1" 200 8086 
0:0:0:0:0:0:0:1 -  -  [27/Dec/2011:08:14:34 +0000] "GET /favicon.ico HTTP/1.1" 200 23 
0:0:0:0:0:0:0:1 -  -  [27/Dec/2011:08:14:35 +0000] "GET /simplecaptcha/simpleCaptcha.jsp HTTP/1.1" 200 572 
0:0:0:0:0:0:0:1 -  -  [27/Dec/2011:08:14:35 +0000] "GET /simplecaptcha/sc.css HTTP/1.1" 200 129 
0:0:0:0:0:0:0:1 -  -  [27/Dec/2011:08:14:35 +0000] "GET /simplecaptcha/simpleCaptcha.png HTTP/1.1" 200 7686 
0:0:0:0:0:0:0:1 -  -  [27/Dec/2011:08:14:35 +0000] "GET /favicon.ico HTTP/1.1" 200 23 
0:0:0:0:0:0:0:1 -  -  [27/Dec/2011:08:14:36 +0000] "GET /simplecaptcha/simpleCaptcha.jsp HTTP/1.1" 200 572 
0:0:0:0:0:0:0:1 -  -  [27/Dec/2011:08:14:36 +0000] "GET /simplecaptcha/sc.css HTTP/1.1" 200 129 
0:0:0:0:0:0:0:1 -  -  [27/Dec/2011:08:14:36 +0000] "GET /simplecaptcha/simpleCaptcha.png HTTP/1.1" 200 9784 
0:0:0:0:0:0:0:1 -  -  [27/Dec/2011:08:14:36 +0000] "GET /favicon.ico HTTP/1.1" 200 23 
0:0:0:0:0:0:0:1 -  -  [27/Dec/2011:08:14:36 +0000] "GET /simplecaptcha/simpleCaptcha.jsp HTTP/1.1" 200 572 
0:0:0:0:0:0:0:1 -  -  [27/Dec/2011:08:14:36 +0000] "GET /simplecaptcha/sc.css HTTP/1.1" 200 129 
0:0:0:0:0:0:0:1 -  -  [27/Dec/2011:08:14:36 +0000] "GET /simplecaptcha/simpleCaptcha.png HTTP/1.1" 200 7976 
0:0:0:0:0:0:0:1 -  -  [27/Dec/2011:08:14:36 +0000] "GET /favicon.ico HTTP/1.1" 200 23 
0:0:0:0:0:0:0:1 -  -  [27/Dec/2011:08:14:37 +0000] "GET /simplecaptcha/simpleCaptcha.jsp HTTP/1.1" 200 572 
0:0:0:0:0:0:0:1 -  -  [27/Dec/2011:08:14:37 +0000] "GET /simplecaptcha/sc.css HTTP/1.1" 200 129 
0:0:0:0:0:0:0:1 -  -  [27/Dec/2011:08:14:37 +0000] "GET /simplecaptcha/simpleCaptcha.png HTTP/1.1" 200 8195 
0:0:0:0:0:0:0:1 -  -  [27/Dec/2011:08:14:37 +0000] "GET /favicon.ico HTTP/1.1" 200 23 
0:0:0:0:0:0:0:1 -  -  [27/Dec/2011:08:14:37 +0000] "GET /simplecaptcha/simpleCaptcha.jsp HTTP/1.1" 200 572 
0:0:0:0:0:0:0:1 -  -  [27/Dec/2011:08:14:37 +0000] "GET /simplecaptcha/sc.css HTTP/1.1" 200 129 
0:0:0:0:0:0:0:1 -  -  [27/Dec/2011:08:14:37 +0000] "GET /simplecaptcha/simpleCaptcha.png HTTP/1.1" 200 7149 
0:0:0:0:0:0:0:1 -  -  [27/Dec/2011:08:14:37 +0000] "GET /favicon.ico HTTP/1.1" 200 23 
0:0:0:0:0:0:0:1 -  -  [27/Dec/2011:08:14:37 +0000] "GET /simplecaptcha/simpleCaptcha.jsp HTTP/1.1" 200 572 
0:0:0:0:0:0:0:1 -  -  [27/Dec/2011:08:14:37 +0000] "GET /simplecaptcha/sc.css HTTP/1.1" 200 129 
0:0:0:0:0:0:0:1 -  -  [27/Dec/2011:08:14:37 +0000] "GET /simplecaptcha/simpleCaptcha.png HTTP/1.1" 200 11301 
0:0:0:0:0:0:0:1 -  -  [27/Dec/2011:08:14:37 +0000] "GET /favicon.ico HTTP/1.1" 200 23 
0:0:0:0:0:0:0:1 -  -  [27/Dec/2011:08:14:37 +0000] "GET /simplecaptcha/simpleCaptcha.jsp HTTP/1.1" 200 572 
0:0:0:0:0:0:0:1 -  -  [27/Dec/2011:08:14:37 +0000] "GET /simplecaptcha/sc.css HTTP/1.1" 200 129 
0:0:0:0:0:0:0:1 -  -  [27/Dec/2011:08:14:37 +0000] "GET /simplecaptcha/simpleCaptcha.png HTTP/1.1" 200 10372 
0:0:0:0:0:0:0:1 -  -  [27/Dec/2011:08:14:37 +0000] "GET /favicon.ico HTTP/1.1" 200 23 
0:0:0:0:0:0:0:1 -  -  [27/Dec/2011:08:14:37 +0000] "GET /simplecaptcha/simpleCaptcha.jsp HTTP/1.1" 200 572 
0:0:0:0:0:0:0:1 -  -  [27/Dec/2011:08:14:37 +0000] "GET /simplecaptcha/sc.css HTTP/1.1" 200 129 
0:0:0:0:0:0:0:1 -  -  [27/Dec/2011:08:14:37 +0000] "GET /simplecaptcha/simpleCaptcha.png HTTP/1.1" 200 10875 
0:0:0:0:0:0:0:1 -  -  [27/Dec/2011:08:14:37 +0000] "GET /favicon.ico HTTP/1.1" 200 23 
0:0:0:0:0:0:0:1 -  -  [27/Dec/2011:08:14:38 +0000] "GET /simplecaptcha/simpleCaptcha.jsp HTTP/1.1" 200 572 
0:0:0:0:0:0:0:1 -  -  [27/Dec/2011:08:14:38 +0000] "GET /simplecaptcha/sc.css HTTP/1.1" 200 129 
0:0:0:0:0:0:0:1 -  -  [27/Dec/2011:08:14:38 +0000] "GET /simplecaptcha/simpleCaptcha.png HTTP/1.1" 200 10497 
0:0:0:0:0:0:0:1 -  -  [27/Dec/2011:08:14:38 +0000] "GET /favicon.ico HTTP/1.1" 200 23 
0:0:0:0:0:0:0:1 -  -  [27/Dec/2011:08:14:38 +0000] "GET /simplecaptcha/simpleCaptcha.jsp HTTP/1.1" 200 572 
0:0:0:0:0:0:0:1 -  -  [27/Dec/2011:08:14:38 +0000] "GET /simplecaptcha/sc.css HTTP/1.1" 200 129 
0:0:0:0:0:0:0:1 -  -  [27/Dec/2011:08:14:38 +0000] "GET /simplecaptcha/simpleCaptcha.png HTTP/1.1" 200 7535 
0:0:0:0:0:0:0:1 -  -  [27/Dec/2011:08:14:38 +0000] "GET /favicon.ico HTTP/1.1" 200 23 
0:0:0:0:0:0:0:1 -  -  [27/Dec/2011:08:14:38 +0000] "GET /simplecaptcha/simpleCaptcha.jsp HTTP/1.1" 200 572 
0:0:0:0:0:0:0:1 -  -  [27/Dec/2011:08:14:38 +0000] "GET /simplecaptcha/sc.css HTTP/1.1" 200 129 
0:0:0:0:0:0:0:1 -  -  [27/Dec/2011:08:14:38 +0000] "GET /simplecaptcha/simpleCaptcha.png HTTP/1.1" 200 7388 
0:0:0:0:0:0:0:1 -  -  [27/Dec/2011:08:14:38 +0000] "GET /favicon.ico HTTP/1.1" 200 23 
0:0:0:0:0:0:0:1 -  -  [27/Dec/2011:08:14:38 +0000] "GET /simplecaptcha/simpleCaptcha.jsp HTTP/1.1" 200 572 
0:0:0:0:0:0:0:1 -  -  [27/Dec/2011:08:14:38 +0000] "GET /simplecaptcha/sc.css HTTP/1.1" 200 129 
0:0:0:0:0:0:0:1 -  -  [27/Dec/2011:08:14:38 +0000] "GET /simplecaptcha/simpleCaptcha.png HTTP/1.1" 200 7375 
0:0:0:0:0:0:0:1 -  -  [27/Dec/2011:08:14:38 +0000] "GET /favicon.ico HTTP/1.1" 200 23 
0:0:0:0:0:0:0:1 -  -  [27/Dec/2011:08:14:38 +0000] "GET /simplecaptcha/simpleCaptcha.jsp HTTP/1.1" 200 572 
0:0:0:0:0:0:0:1 -  -  [27/Dec/2011:08:14:38 +0000] "GET /simplecaptcha/sc.css HTTP/1.1" 200 129 
0:0:0:0:0:0:0:1 -  -  [27/Dec/2011:08:14:38 +0000] "GET /simplecaptcha/simpleCaptcha.png HTTP/1.1" 200 6899 
0:0:0:0:0:0:0:1 -  -  [27/Dec/2011:08:14:39 +0000] "GET /favicon.ico HTTP/1.1" 200 23 
0:0:0:0:0:0:0:1 -  -  [27/Dec/2011:08:14:39 +0000] "GET /simplecaptcha/simpleCaptcha.jsp HTTP/1.1" 200 572 
0:0:0:0:0:0:0:1 -  -  [27/Dec/2011:08:14:39 +0000] "GET /simplecaptcha/sc.css HTTP/1.1" 200 129 
0:0:0:0:0:0:0:1 -  -  [27/Dec/2011:08:14:39 +0000] "GET /simplecaptcha/simpleCaptcha.png HTTP/1.1" 200 9597 
0:0:0:0:0:0:0:1 -  -  [27/Dec/2011:08:14:39 +0000] "GET /favicon.ico HTTP/1.1" 200 23 
0:0:0:0:0:0:0:1 -  -  [27/Dec/2011:08:14:39 +0000] "GET /simplecaptcha/simpleCaptcha.jsp HTTP/1.1" 200 572 
0:0:0:0:0:0:0:1 -  -  [27/Dec/2011:08:14:39 +0000] "GET /simplecaptcha/sc.css HTTP/1.1" 200 129 
0:0:0:0:0:0:0:1 -  -  [27/Dec/2011:08:14:39 +0000] "GET /simplecaptcha/simpleCaptcha.png HTTP/1.1" 200 7603 
0:0:0:0:0:0:0:1 -  -  [27/Dec/2011:08:14:39 +0000] "GET /favicon.ico HTTP/1.1" 200 23 
0:0:0:0:0:0:0:1 -  -  [27/Dec/2011:08:14:39 +0000] "GET /simplecaptcha/simpleCaptcha.jsp HTTP/1.1" 200 572 
0:0:0:0:0:0:0:1 -  -  [27/Dec/2011:08:14:39 +0000] "GET /simplecaptcha/sc.css HTTP/1.1" 200 129 
0:0:0:0:0:0:0:1 -  -  [27/Dec/2011:08:14:39 +0000] "GET /simplecaptcha/simpleCaptcha.png HTTP/1.1" 200 10827 
0:0:0:0:0:0:0:1 -  -  [27/Dec/2011:08:14:39 +0000] "GET /favicon.ico HTTP/1.1" 200 23 
0:0:0:0:0:0:0:1 -  -  [27/Dec/2011:08:14:39 +0000] "GET /simplecaptcha/simpleCaptcha.jsp HTTP/1.1" 200 572 
0:0:0:0:0:0:0:1 -  -  [27/Dec/2011:08:14:39 +0000] "GET /simplecaptcha/sc.css HTTP/1.1" 200 129 
0:0:0:0:0:0:0:1 -  -  [27/Dec/2011:08:14:39 +0000] "GET /simplecaptcha/simpleCaptcha.png HTTP/1.1" 200 10709 
0:0:0:0:0:0:0:1 -  -  [27/Dec/2011:08:14:39 +0000] "GET /favicon.ico HTTP/1.1" 200 23 
0:0:0:0:0:0:0:1 -  -  [27/Dec/2011:08:14:40 +0000] "GET /simplecaptcha/simpleCaptcha.jsp HTTP/1.1" 200 572 
0:0:0:0:0:0:0:1 -  -  [27/Dec/2011:08:14:40 +0000] "GET /simplecaptcha/sc.css HTTP/1.1" 200 129 
0:0:0:0:0:0:0:1 -  -  [27/Dec/2011:08:14:40 +0000] "GET /simplecaptcha/simpleCaptcha.png HTTP/1.1" 200 9933 
0:0:0:0:0:0:0:1 -  -  [27/Dec/2011:08:14:40 +0000] "GET /favicon.ico HTTP/1.1" 200 23 
0:0:0:0:0:0:0:1 -  -  [27/Dec/2011:08:14:40 +0000] "GET /simplecaptcha/simpleCaptcha.jsp HTTP/1.1" 200 572 
0:0:0:0:0:0:0:1 -  -  [27/Dec/2011:08:14:40 +0000] "GET /simplecaptcha/sc.css HTTP/1.1" 200 129 
0:0:0:0:0:0:0:1 -  -  [27/Dec/2011:08:14:40 +0000] "GET /simplecaptcha/simpleCaptcha.png HTTP/1.1" 200 7670 
0:0:0:0:0:0:0:1 -  -  [27/Dec/2011:08:14:40 +0000] "GET /favicon.ico HTTP/1.1" 200 23 
0:0:0:0:0:0:0:1 -  -  [27/Dec/2011:10:05:42 +0000] "GET /simplecaptcha/audioCaptcha.jsp HTTP/1.1" 200 1223 
0:0:0:0:0:0:0:1 -  -  [27/Dec/2011:10:05:43 +0000] "GET /favicon.ico HTTP/1.1" 200 23 
0:0:0:0:0:0:0:1 -  -  [27/Dec/2011:10:05:43 +0000] "GET /simplecaptcha/audio.wav?bogus=1324980343580 HTTP/1.1" 200 87170 
0:0:0:0:0:0:0:1 -  -  [27/Dec/2011:10:05:43 +0000] "GET /simplecaptcha/audio.wav?bogus=1324980343580 HTTP/1.1" 200 82252 
0:0:0:0:0:0:0:1 -  -  [27/Dec/2011:10:05:52 +0000] "GET /simplecaptcha/audioCaptcha.jsp HTTP/1.1" 200 1223 
0:0:0:0:0:0:0:1 -  -  [27/Dec/2011:10:05:52 +0000] "GET /simplecaptcha/sc.css HTTP/1.1" 304 0 
0:0:0:0:0:0:0:1 -  -  [27/Dec/2011:10:05:52 +0000] "GET /simplecaptcha/audio.wav?bogus=1324980352424 HTTP/1.1" 200 80866 
0:0:0:0:0:0:0:1 -  -  [27/Dec/2011:10:05:52 +0000] "GET /simplecaptcha/audio.wav?bogus=1324980352424 HTTP/1.1" 200 82904 
0:0:0:0:0:0:0:1 -  -  [27/Dec/2011:10:05:52 +0000] "GET /favicon.ico HTTP/1.1" 200 23 
0:0:0:0:0:0:0:1 -  -  [27/Dec/2011:10:06:04 +0000] "GET /simplecaptcha/audioCaptcha.jsp HTTP/1.1" 200 1223 
0:0:0:0:0:0:0:1 -  -  [27/Dec/2011:10:06:04 +0000] "GET /simplecaptcha/sc.css HTTP/1.1" 304 0 
0:0:0:0:0:0:0:1 -  -  [27/Dec/2011:10:06:04 +0000] "GET /favicon.ico HTTP/1.1" 200 23 
0:0:0:0:0:0:0:1 -  -  [27/Dec/2011:10:06:04 +0000] "GET /simplecaptcha/audio.wav?bogus=1324980364964 HTTP/1.1" 200 78474 
0:0:0:0:0:0:0:1 -  -  [27/Dec/2011:10:06:05 +0000] "GET /simplecaptcha/audio.wav?bogus=1324980364964 HTTP/1.1" 200 78680 
0:0:0:0:0:0:0:1 -  -  [27/Dec/2011:10:06:09 +0000] "GET /simplecaptcha/audioCaptcha.jsp HTTP/1.1" 200 1223 
0:0:0:0:0:0:0:1 -  -  [27/Dec/2011:10:06:09 +0000] "GET /simplecaptcha/sc.css HTTP/1.1" 304 0 
0:0:0:0:0:0:0:1 -  -  [27/Dec/2011:10:06:09 +0000] "GET /favicon.ico HTTP/1.1" 200 23 
0:0:0:0:0:0:0:1 -  -  [27/Dec/2011:10:06:09 +0000] "GET /simplecaptcha/audio.wav?bogus=1324980369559 HTTP/1.1" 200 89400 
0:0:0:0:0:0:0:1 -  -  [27/Dec/2011:10:06:09 +0000] "GET /simplecaptcha/audio.wav?bogus=1324980369559 HTTP/1.1" 200 86666 
0:0:0:0:0:0:0:1 -  -  [27/Dec/2011:10:06:12 +0000] "GET /simplecaptcha/audioCaptcha.jsp HTTP/1.1" 200 1223 
0:0:0:0:0:0:0:1 -  -  [27/Dec/2011:10:06:12 +0000] "GET /simplecaptcha/sc.css HTTP/1.1" 304 0 
0:0:0:0:0:0:0:1 -  -  [27/Dec/2011:10:06:13 +0000] "GET /favicon.ico HTTP/1.1" 200 23 
0:0:0:0:0:0:0:1 -  -  [27/Dec/2011:10:06:12 +0000] "GET /simplecaptcha/audio.wav?bogus=1324980372989 HTTP/1.1" 200 85258 
0:0:0:0:0:0:0:1 -  -  [27/Dec/2011:10:06:13 +0000] "GET /simplecaptcha/audio.wav?bogus=1324980372989 HTTP/1.1" 200 84936 
0:0:0:0:0:0:0:1 -  -  [27/Dec/2011:10:06:16 +0000] "GET /simplecaptcha/audioCaptcha.jsp HTTP/1.1" 200 1223 
0:0:0:0:0:0:0:1 -  -  [27/Dec/2011:10:06:16 +0000] "GET /simplecaptcha/sc.css HTTP/1.1" 304 0 
0:0:0:0:0:0:0:1 -  -  [27/Dec/2011:10:06:16 +0000] "GET /favicon.ico HTTP/1.1" 200 23 
0:0:0:0:0:0:0:1 -  -  [27/Dec/2011:10:06:16 +0000] "GET /simplecaptcha/audio.wav?bogus=1324980376368 HTTP/1.1" 200 89790 
0:0:0:0:0:0:0:1 -  -  [27/Dec/2011:10:06:16 +0000] "GET /simplecaptcha/audio.wav?bogus=1324980376368 HTTP/1.1" 200 82386 
0:0:0:0:0:0:0:1 -  -  [27/Dec/2011:10:08:28 +0000] "GET /simplecaptcha/audioCaptcha.jsp HTTP/1.1" 200 1334 
0:0:0:0:0:0:0:1 -  -  [27/Dec/2011:10:08:28 +0000] "GET /simplecaptcha/sc.css HTTP/1.1" 200 129 
0:0:0:0:0:0:0:1 -  -  [27/Dec/2011:10:08:28 +0000] "GET /favicon.ico HTTP/1.1" 200 23 
0:0:0:0:0:0:0:1 -  -  [27/Dec/2011:10:08:28 +0000] "GET /favicon.ico HTTP/1.1" 200 23 
0:0:0:0:0:0:0:1 -  -  [27/Dec/2011:10:08:28 +0000] "GET /simplecaptcha/audio.wav?bogus=1324980508149 HTTP/1.1" 200 78940 
0:0:0:0:0:0:0:1 -  -  [27/Dec/2011:10:08:35 +0000] "GET /simplecaptcha/audioCaptcha.jsp HTTP/1.1" 200 1223 
0:0:0:0:0:0:0:1 -  -  [27/Dec/2011:10:08:35 +0000] "GET /simplecaptcha/sc.css HTTP/1.1" 304 0 
0:0:0:0:0:0:0:1 -  -  [27/Dec/2011:10:08:35 +0000] "GET /simplecaptcha/audio.wav?bogus=1324980515932 HTTP/1.1" 200 85390 
0:0:0:0:0:0:0:1 -  -  [27/Dec/2011:10:08:40 +0000] "GET /simplecaptcha/audioCaptcha.jsp HTTP/1.1" 200 1223 
0:0:0:0:0:0:0:1 -  -  [27/Dec/2011:10:08:40 +0000] "GET /simplecaptcha/sc.css HTTP/1.1" 304 0 
0:0:0:0:0:0:0:1 -  -  [27/Dec/2011:10:08:40 +0000] "GET /simplecaptcha/audio.wav?bogus=1324980520512 HTTP/1.1" 200 91938 
0:0:0:0:0:0:0:1 -  -  [27/Dec/2011:10:08:43 +0000] "GET /simplecaptcha/audioCaptcha.jsp HTTP/1.1" 200 1223 
0:0:0:0:0:0:0:1 -  -  [27/Dec/2011:10:08:43 +0000] "GET /simplecaptcha/sc.css HTTP/1.1" 304 0 
0:0:0:0:0:0:0:1 -  -  [27/Dec/2011:10:08:43 +0000] "GET /simplecaptcha/audio.wav?bogus=1324980523996 HTTP/1.1" 200 88338 
0:0:0:0:0:0:0:1 -  -  [27/Dec/2011:10:08:47 +0000] "GET /simplecaptcha/audioCaptcha.jsp HTTP/1.1" 200 1223 
0:0:0:0:0:0:0:1 -  -  [27/Dec/2011:10:08:47 +0000] "GET /simplecaptcha/sc.css HTTP/1.1" 304 0 
0:0:0:0:0:0:0:1 -  -  [27/Dec/2011:10:08:47 +0000] "GET /simplecaptcha/audio.wav?bogus=1324980527324 HTTP/1.1" 200 87866 
0:0:0:0:0:0:0:1 -  -  [27/Dec/2011:10:08:56 +0000] "GET /simplecaptcha/audioCaptcha.jsp HTTP/1.1" 200 1223 
0:0:0:0:0:0:0:1 -  -  [27/Dec/2011:10:08:56 +0000] "GET /simplecaptcha/sc.css HTTP/1.1" 304 0 
0:0:0:0:0:0:0:1 -  -  [27/Dec/2011:10:08:56 +0000] "GET /simplecaptcha/audio.wav?bogus=1324980536979 HTTP/1.1" 200 69336 
0:0:0:0:0:0:0:1 -  -  [27/Dec/2011:10:08:59 +0000] "GET /simplecaptcha/audioCaptcha.jsp HTTP/1.1" 200 1223 
0:0:0:0:0:0:0:1 -  -  [27/Dec/2011:10:08:59 +0000] "GET /simplecaptcha/sc.css HTTP/1.1" 304 0 
0:0:0:0:0:0:0:1 -  -  [27/Dec/2011:10:08:59 +0000] "GET /simplecaptcha/audio.wav?bogus=1324980539914 HTTP/1.1" 200 80120 
0:0:0:0:0:0:0:1 -  -  [27/Dec/2011:10:09:01 +0000] "GET /simplecaptcha/stickyCaptcha.jsp HTTP/1.1" 200 806 
0:0:0:0:0:0:0:1 -  -  [27/Dec/2011:10:09:01 +0000] "GET /simplecaptcha/stickyCaptcha.png HTTP/1.1" 500 3152 
0:0:0:0:0:0:0:1 -  -  [27/Dec/2011:10:09:03 +0000] "GET /simplecaptcha/stickyCaptcha.jsp HTTP/1.1" 200 806 
0:0:0:0:0:0:0:1 -  -  [27/Dec/2011:10:09:03 +0000] "GET /simplecaptcha/sc.css HTTP/1.1" 304 0 
0:0:0:0:0:0:0:1 -  -  [27/Dec/2011:10:09:03 +0000] "GET /simplecaptcha/stickyCaptcha.png HTTP/1.1" 500 3152 
0:0:0:0:0:0:0:1 -  -  [27/Dec/2011:10:09:04 +0000] "GET /simplecaptcha/stickyCaptcha.jsp HTTP/1.1" 200 806 
0:0:0:0:0:0:0:1 -  -  [27/Dec/2011:10:09:04 +0000] "GET /simplecaptcha/sc.css HTTP/1.1" 304 0 
0:0:0:0:0:0:0:1 -  -  [27/Dec/2011:10:09:04 +0000] "GET /simplecaptcha/stickyCaptcha.png HTTP/1.1" 500 3152 
0:0:0:0:0:0:0:1 -  -  [27/Dec/2011:10:09:05 +0000] "GET /simplecaptcha/simpleCaptcha.jsp HTTP/1.1" 200 572 
0:0:0:0:0:0:0:1 -  -  [27/Dec/2011:10:09:05 +0000] "GET /simplecaptcha/simpleCaptcha.png HTTP/1.1" 200 7853 
0:0:0:0:0:0:0:1 -  -  [27/Dec/2011:10:09:06 +0000] "GET /simplecaptcha/simpleCaptcha.jsp HTTP/1.1" 200 572 
0:0:0:0:0:0:0:1 -  -  [27/Dec/2011:10:09:06 +0000] "GET /simplecaptcha/sc.css HTTP/1.1" 304 0 
0:0:0:0:0:0:0:1 -  -  [27/Dec/2011:10:09:06 +0000] "GET /simplecaptcha/simpleCaptcha.png HTTP/1.1" 200 10414 
0:0:0:0:0:0:0:1 -  -  [27/Dec/2011:10:09:08 +0000] "GET /simplecaptcha/audioCaptcha.jsp HTTP/1.1" 200 1223 
0:0:0:0:0:0:0:1 -  -  [27/Dec/2011:10:09:08 +0000] "GET /simplecaptcha/audio.wav?bogus=1324980548032 HTTP/1.1" 200 82250 
0:0:0:0:0:0:0:1 -  -  [27/Dec/2011:10:09:11 +0000] "GET /simplecaptcha/stickyCaptcha.jsp HTTP/1.1" 200 806 
0:0:0:0:0:0:0:1 -  -  [27/Dec/2011:10:09:11 +0000] "GET /simplecaptcha/stickyCaptcha.png HTTP/1.1" 500 3152 
0:0:0:0:0:0:0:1 -  -  [27/Dec/2011:10:09:12 +0000] "GET /simplecaptcha/simpleCaptcha.jsp HTTP/1.1" 200 572 
0:0:0:0:0:0:0:1 -  -  [27/Dec/2011:10:09:12 +0000] "GET /simplecaptcha/simpleCaptcha.png HTTP/1.1" 200 7472 
0:0:0:0:0:0:0:1 -  -  [27/Dec/2011:10:09:19 +0000] "GET /simplecaptcha/audioCaptcha.jsp HTTP/1.1" 200 1223 
0:0:0:0:0:0:0:1 -  -  [27/Dec/2011:10:09:19 +0000] "GET /simplecaptcha/audio.wav?bogus=1324980559190 HTTP/1.1" 200 94396 
0:0:0:0:0:0:0:1 -  -  [27/Dec/2011:10:09:22 +0000] "GET /simplecaptcha/audioCaptcha.jsp HTTP/1.1" 200 1223 
0:0:0:0:0:0:0:1 -  -  [27/Dec/2011:10:09:22 +0000] "GET /simplecaptcha/sc.css HTTP/1.1" 304 0 
0:0:0:0:0:0:0:1 -  -  [27/Dec/2011:10:09:22 +0000] "GET /simplecaptcha/audio.wav?bogus=1324980562635 HTTP/1.1" 200 84508 
0:0:0:0:0:0:0:1 -  -  [27/Dec/2011:10:09:25 +0000] "GET /simplecaptcha/audioCaptcha.jsp HTTP/1.1" 200 1223 
0:0:0:0:0:0:0:1 -  -  [27/Dec/2011:10:09:26 +0000] "GET /simplecaptcha/sc.css HTTP/1.1" 304 0 
0:0:0:0:0:0:0:1 -  -  [27/Dec/2011:10:09:26 +0000] "GET /simplecaptcha/audio.wav?bogus=1324980566039 HTTP/1.1" 200 86212 
0:0:0:0:0:0:0:1 -  -  [27/Dec/2011:10:09:29 +0000] "GET /simplecaptcha/audioCaptcha.jsp HTTP/1.1" 200 1223 
0:0:0:0:0:0:0:1 -  -  [27/Dec/2011:10:09:29 +0000] "GET /simplecaptcha/sc.css HTTP/1.1" 304 0 
0:0:0:0:0:0:0:1 -  -  [27/Dec/2011:10:09:29 +0000] "GET /simplecaptcha/audio.wav?bogus=1324980569148 HTTP/1.1" 200 92782 
0:0:0:0:0:0:0:1 -  -  [27/Dec/2011:10:12:42 +0000] "GET / HTTP/1.1" 200 23 
0:0:0:0:0:0:0:1 -  -  [27/Dec/2011:10:12:42 +0000] "GET /favicon.ico HTTP/1.1" 200 23 
0:0:0:0:0:0:0:1 -  -  [27/Dec/2011:10:12:46 +0000] "GET /simplecaptcha HTTP/1.1" 302 0 
0:0:0:0:0:0:0:1 -  -  [27/Dec/2011:10:12:46 +0000] "GET /simplecaptcha/ HTTP/1.1" 200 806 
0:0:0:0:0:0:0:1 -  -  [27/Dec/2011:10:12:46 +0000] "GET /simplecaptcha/stickyCaptcha.png HTTP/1.1" 500 3152 
0:0:0:0:0:0:0:1 -  -  [27/Dec/2011:10:12:46 +0000] "GET /favicon.ico HTTP/1.1" 200 23 
0:0:0:0:0:0:0:1 -  -  [27/Dec/2011:10:12:48 +0000] "GET /simplecaptcha/audioCaptcha.jsp HTTP/1.1" 200 1223 
0:0:0:0:0:0:0:1 -  -  [27/Dec/2011:10:12:48 +0000] "GET /favicon.ico HTTP/1.1" 200 23 
0:0:0:0:0:0:0:1 -  -  [27/Dec/2011:10:12:48 +0000] "GET /simplecaptcha/audio.wav?bogus=1324980768163 HTTP/1.1" 200 99782 
0:0:0:0:0:0:0:1 -  -  [27/Dec/2011:10:12:48 +0000] "GET /simplecaptcha/audio.wav?bogus=1324980768163 HTTP/1.1" 200 87528 
0:0:0:0:0:0:0:1 -  -  [27/Dec/2011:11:24:44 +0000] "GET / HTTP/1.1" 200 23 
0:0:0:0:0:0:0:1 -  -  [27/Dec/2011:11:24:44 +0000] "GET /favicon.ico HTTP/1.1" 200 23 
0:0:0:0:0:0:0:1 -  -  [27/Dec/2011:11:24:47 +0000] "GET /simplecaptcha HTTP/1.1" 302 0 
0:0:0:0:0:0:0:1 -  -  [27/Dec/2011:11:24:47 +0000] "GET /simplecaptcha/ HTTP/1.1" 200 806 
0:0:0:0:0:0:0:1 -  -  [27/Dec/2011:11:24:47 +0000] "GET /simplecaptcha/stickyCaptcha.png HTTP/1.1" 200 0 
0:0:0:0:0:0:0:1 -  -  [27/Dec/2011:11:24:47 +0000] "GET /favicon.ico HTTP/1.1" 200 23 
0:0:0:0:0:0:0:1 -  -  [27/Dec/2011:11:24:49 +0000] "GET /simplecaptcha/audioCaptcha.jsp HTTP/1.1" 200 1223 
0:0:0:0:0:0:0:1 -  -  [27/Dec/2011:11:24:49 +0000] "GET /favicon.ico HTTP/1.1" 200 23 
0:0:0:0:0:0:0:1 -  -  [27/Dec/2011:11:24:49 +0000] "GET /simplecaptcha/audio.wav?bogus=1324985089184 HTTP/1.1" 200 78448 
0:0:0:0:0:0:0:1 -  -  [27/Dec/2011:11:24:49 +0000] "GET /simplecaptcha/audio.wav?bogus=1324985089184 HTTP/1.1" 200 79742 
