0:0:0:0:0:0:0:1 -  -  [28/Dec/2011:04:52:12 +0000] "GET /portal/classic/register HTTP/1.1" 200 23 
0:0:0:0:0:0:0:1 -  -  [28/Dec/2011:04:52:26 +0000] "GET /simplecaptcha HTTP/1.1" 302 0 
0:0:0:0:0:0:0:1 -  -  [28/Dec/2011:04:52:26 +0000] "GET /simplecaptcha/ HTTP/1.1" 200 806 
0:0:0:0:0:0:0:1 -  -  [28/Dec/2011:04:52:28 +0000] "GET /simplecaptcha/stickyCaptcha.png HTTP/1.1" 200 0 
0:0:0:0:0:0:0:1 -  -  [28/Dec/2011:04:52:30 +0000] "GET /simplecaptcha/audioCaptcha.jsp HTTP/1.1" 200 1223 
0:0:0:0:0:0:0:1 -  -  [28/Dec/2011:04:52:31 +0000] "GET /simplecaptcha/audio.wav?bogus=1325047950982 HTTP/1.1" 200 93246 
0:0:0:0:0:0:0:1 -  -  [28/Dec/2011:04:52:31 +0000] "GET /simplecaptcha/audio.wav?bogus=1325047950982 HTTP/1.1" 200 81734 
0:0:0:0:0:0:0:1 -  -  [28/Dec/2011:04:53:09 +0000] "GET /simplecaptcha/stickyCaptcha.jsp HTTP/1.1" 200 806 
0:0:0:0:0:0:0:1 -  -  [28/Dec/2011:04:53:09 +0000] "GET /simplecaptcha/stickyCaptcha.png HTTP/1.1" 500 3152 
0:0:0:0:0:0:0:1 -  -  [28/Dec/2011:04:53:11 +0000] "GET /simplecaptcha/simpleCaptcha.jsp HTTP/1.1" 200 572 
0:0:0:0:0:0:0:1 -  -  [28/Dec/2011:04:53:11 +0000] "GET /simplecaptcha/simpleCaptcha.png HTTP/1.1" 200 11707 
0:0:0:0:0:0:0:1 -  -  [28/Dec/2011:04:53:16 +0000] "GET /simplecaptcha/stickyCaptcha.jsp HTTP/1.1" 200 806 
0:0:0:0:0:0:0:1 -  -  [28/Dec/2011:04:53:16 +0000] "GET /simplecaptcha/stickyCaptcha.png HTTP/1.1" 200 11707 
0:0:0:0:0:0:0:1 -  -  [28/Dec/2011:04:53:20 +0000] "GET /simplecaptcha/audioCaptcha.jsp HTTP/1.1" 200 1223 
0:0:0:0:0:0:0:1 -  -  [28/Dec/2011:04:53:20 +0000] "GET /simplecaptcha/audio.wav?bogus=1325048000241 HTTP/1.1" 200 91398 
0:0:0:0:0:0:0:1 -  -  [28/Dec/2011:04:53:20 +0000] "GET /simplecaptcha/audio.wav?bogus=1325048000241 HTTP/1.1" 200 91362 
0:0:0:0:0:0:0:1 -  -  [28/Dec/2011:04:53:30 +0000] "GET /simplecaptcha/audio.wav?bogus=1325048000241 HTTP/1.1" 200 88362 
0:0:0:0:0:0:0:1 -  -  [28/Dec/2011:04:53:30 +0000] "GET /simplecaptcha/audio.wav?bogus=1325048000241 HTTP/1.1" 200 81158 
0:0:0:0:0:0:0:1 -  -  [28/Dec/2011:04:53:31 +0000] "GET /simplecaptcha/audio.wav?bogus=1325048000241 HTTP/1.1" 200 85958 
0:0:0:0:0:0:0:1 -  -  [28/Dec/2011:04:54:23 +0000] "GET /simplecaptcha/stickyCaptcha.jsp HTTP/1.1" 200 806 
0:0:0:0:0:0:0:1 -  -  [28/Dec/2011:04:54:23 +0000] "GET /simplecaptcha/stickyCaptcha.png HTTP/1.1" 500 3152 
0:0:0:0:0:0:0:1 -  -  [28/Dec/2011:04:54:23 +0000] "GET /simplecaptcha/audioCaptcha.jsp HTTP/1.1" 200 1223 
0:0:0:0:0:0:0:1 -  -  [28/Dec/2011:04:54:23 +0000] "GET /simplecaptcha/audio.wav?bogus=1325048063958 HTTP/1.1" 200 73632 
0:0:0:0:0:0:0:1 -  -  [28/Dec/2011:04:54:24 +0000] "GET /simplecaptcha/audio.wav?bogus=1325048063958 HTTP/1.1" 200 84898 
0:0:0:0:0:0:0:1 -  -  [28/Dec/2011:07:31:58 +0000] "GET /portal/classic/register HTTP/1.1" 200 23 
0:0:0:0:0:0:0:1 -  -  [28/Dec/2011:07:31:58 +0000] "GET /favicon.ico HTTP/1.1" 200 23 
0:0:0:0:0:0:0:1 -  -  [28/Dec/2011:07:32:03 +0000] "GET /simplecaptcha HTTP/1.1" 302 0 
0:0:0:0:0:0:0:1 -  -  [28/Dec/2011:07:32:03 +0000] "GET /simplecaptcha/ HTTP/1.1" 200 806 
0:0:0:0:0:0:0:1 -  -  [28/Dec/2011:07:32:04 +0000] "GET /simplecaptcha/stickyCaptcha.png HTTP/1.1" 200 0 
0:0:0:0:0:0:0:1 -  -  [28/Dec/2011:07:32:06 +0000] "GET /favicon.ico HTTP/1.1" 200 23 
0:0:0:0:0:0:0:1 -  -  [28/Dec/2011:07:32:06 +0000] "GET /simplecaptcha/remove.jsp HTTP/1.1" 200 78 
0:0:0:0:0:0:0:1 -  -  [28/Dec/2011:07:32:06 +0000] "GET /favicon.ico HTTP/1.1" 200 23 
0:0:0:0:0:0:0:1 -  -  [28/Dec/2011:07:32:07 +0000] "GET /simplecaptcha/stickyCaptcha.jsp HTTP/1.1" 200 806 
0:0:0:0:0:0:0:1 -  -  [28/Dec/2011:07:32:07 +0000] "GET /simplecaptcha/stickyCaptcha.png HTTP/1.1" 200 0 
0:0:0:0:0:0:0:1 -  -  [28/Dec/2011:07:32:07 +0000] "GET /favicon.ico HTTP/1.1" 200 23 
0:0:0:0:0:0:0:1 -  -  [28/Dec/2011:07:32:09 +0000] "GET /simplecaptcha/remove.jsp HTTP/1.1" 200 78 
0:0:0:0:0:0:0:1 -  -  [28/Dec/2011:07:32:09 +0000] "GET /favicon.ico HTTP/1.1" 200 23 
0:0:0:0:0:0:0:1 -  -  [28/Dec/2011:07:32:10 +0000] "GET /simplecaptcha/stickyCaptcha.jsp HTTP/1.1" 200 806 
0:0:0:0:0:0:0:1 -  -  [28/Dec/2011:07:32:10 +0000] "GET /simplecaptcha/stickyCaptcha.png HTTP/1.1" 200 0 
0:0:0:0:0:0:0:1 -  -  [28/Dec/2011:07:32:10 +0000] "GET /favicon.ico HTTP/1.1" 200 23 
0:0:0:0:0:0:0:1 -  -  [28/Dec/2011:07:32:11 +0000] "GET /simplecaptcha/stickyCaptcha.jsp HTTP/1.1" 200 806 
0:0:0:0:0:0:0:1 -  -  [28/Dec/2011:07:32:11 +0000] "GET /simplecaptcha/stickyCaptcha.png HTTP/1.1" 200 2644 
0:0:0:0:0:0:0:1 -  -  [28/Dec/2011:07:32:11 +0000] "GET /favicon.ico HTTP/1.1" 200 23 
0:0:0:0:0:0:0:1 -  -  [28/Dec/2011:07:32:13 +0000] "GET /simplecaptcha/stickyCaptcha.jsp HTTP/1.1" 200 806 
0:0:0:0:0:0:0:1 -  -  [28/Dec/2011:07:32:13 +0000] "GET /simplecaptcha/sc.css HTTP/1.1" 200 129 
0:0:0:0:0:0:0:1 -  -  [28/Dec/2011:07:32:13 +0000] "GET /simplecaptcha/stickyCaptcha.png HTTP/1.1" 200 2644 
0:0:0:0:0:0:0:1 -  -  [28/Dec/2011:07:32:13 +0000] "GET /favicon.ico HTTP/1.1" 200 23 
0:0:0:0:0:0:0:1 -  -  [28/Dec/2011:07:32:13 +0000] "GET /simplecaptcha/stickyCaptcha.jsp HTTP/1.1" 200 806 
0:0:0:0:0:0:0:1 -  -  [28/Dec/2011:07:32:13 +0000] "GET /simplecaptcha/sc.css HTTP/1.1" 200 129 
0:0:0:0:0:0:0:1 -  -  [28/Dec/2011:07:32:13 +0000] "GET /simplecaptcha/stickyCaptcha.png HTTP/1.1" 200 2644 
0:0:0:0:0:0:0:1 -  -  [28/Dec/2011:07:32:13 +0000] "GET /favicon.ico HTTP/1.1" 200 23 
0:0:0:0:0:0:0:1 -  -  [28/Dec/2011:07:32:13 +0000] "GET /simplecaptcha/stickyCaptcha.jsp HTTP/1.1" 200 806 
0:0:0:0:0:0:0:1 -  -  [28/Dec/2011:07:32:13 +0000] "GET /simplecaptcha/sc.css HTTP/1.1" 200 129 
0:0:0:0:0:0:0:1 -  -  [28/Dec/2011:07:32:13 +0000] "GET /simplecaptcha/stickyCaptcha.png HTTP/1.1" 200 2644 
0:0:0:0:0:0:0:1 -  -  [28/Dec/2011:07:32:13 +0000] "GET /favicon.ico HTTP/1.1" 200 23 
0:0:0:0:0:0:0:1 -  -  [28/Dec/2011:07:32:13 +0000] "GET /simplecaptcha/stickyCaptcha.jsp HTTP/1.1" 200 806 
0:0:0:0:0:0:0:1 -  -  [28/Dec/2011:07:32:13 +0000] "GET /simplecaptcha/sc.css HTTP/1.1" 200 129 
0:0:0:0:0:0:0:1 -  -  [28/Dec/2011:07:32:13 +0000] "GET /simplecaptcha/stickyCaptcha.png HTTP/1.1" 200 2644 
0:0:0:0:0:0:0:1 -  -  [28/Dec/2011:07:32:13 +0000] "GET /favicon.ico HTTP/1.1" 200 23 
0:0:0:0:0:0:0:1 -  -  [28/Dec/2011:07:32:13 +0000] "GET /simplecaptcha/stickyCaptcha.jsp HTTP/1.1" 200 806 
0:0:0:0:0:0:0:1 -  -  [28/Dec/2011:07:32:13 +0000] "GET /simplecaptcha/sc.css HTTP/1.1" 200 129 
0:0:0:0:0:0:0:1 -  -  [28/Dec/2011:07:32:13 +0000] "GET /simplecaptcha/stickyCaptcha.png HTTP/1.1" 200 2644 
0:0:0:0:0:0:0:1 -  -  [28/Dec/2011:07:32:13 +0000] "GET /favicon.ico HTTP/1.1" 200 23 
0:0:0:0:0:0:0:1 -  -  [28/Dec/2011:07:32:13 +0000] "GET /simplecaptcha/stickyCaptcha.jsp HTTP/1.1" 200 806 
0:0:0:0:0:0:0:1 -  -  [28/Dec/2011:07:32:13 +0000] "GET /simplecaptcha/sc.css HTTP/1.1" 200 129 
0:0:0:0:0:0:0:1 -  -  [28/Dec/2011:07:32:13 +0000] "GET /simplecaptcha/stickyCaptcha.png HTTP/1.1" 200 2644 
0:0:0:0:0:0:0:1 -  -  [28/Dec/2011:07:32:14 +0000] "GET /favicon.ico HTTP/1.1" 200 23 
0:0:0:0:0:0:0:1 -  -  [28/Dec/2011:07:32:15 +0000] "GET /simplecaptcha/stickyCaptcha.jsp HTTP/1.1" 200 806 
0:0:0:0:0:0:0:1 -  -  [28/Dec/2011:07:32:15 +0000] "GET /simplecaptcha/sc.css HTTP/1.1" 304 0 
0:0:0:0:0:0:0:1 -  -  [28/Dec/2011:07:32:15 +0000] "GET /simplecaptcha/stickyCaptcha.png HTTP/1.1" 200 2644 
0:0:0:0:0:0:0:1 -  -  [28/Dec/2011:07:32:15 +0000] "GET /favicon.ico HTTP/1.1" 200 23 
0:0:0:0:0:0:0:1 -  -  [28/Dec/2011:07:32:16 +0000] "GET /simplecaptcha/stickyCaptcha.jsp HTTP/1.1" 200 806 
0:0:0:0:0:0:0:1 -  -  [28/Dec/2011:07:32:16 +0000] "GET /simplecaptcha/sc.css HTTP/1.1" 304 0 
0:0:0:0:0:0:0:1 -  -  [28/Dec/2011:07:32:16 +0000] "GET /simplecaptcha/stickyCaptcha.png HTTP/1.1" 200 2644 
0:0:0:0:0:0:0:1 -  -  [28/Dec/2011:07:32:16 +0000] "GET /favicon.ico HTTP/1.1" 200 23 
0:0:0:0:0:0:0:1 -  -  [28/Dec/2011:07:32:16 +0000] "GET /simplecaptcha/stickyCaptcha.jsp HTTP/1.1" 200 806 
0:0:0:0:0:0:0:1 -  -  [28/Dec/2011:07:32:16 +0000] "GET /simplecaptcha/sc.css HTTP/1.1" 304 0 
0:0:0:0:0:0:0:1 -  -  [28/Dec/2011:07:32:16 +0000] "GET /simplecaptcha/stickyCaptcha.png HTTP/1.1" 200 2644 
0:0:0:0:0:0:0:1 -  -  [28/Dec/2011:07:32:16 +0000] "GET /favicon.ico HTTP/1.1" 200 23 
0:0:0:0:0:0:0:1 -  -  [28/Dec/2011:07:32:17 +0000] "GET /simplecaptcha/stickyCaptcha.jsp HTTP/1.1" 200 806 
0:0:0:0:0:0:0:1 -  -  [28/Dec/2011:07:32:17 +0000] "GET /simplecaptcha/sc.css HTTP/1.1" 304 0 
0:0:0:0:0:0:0:1 -  -  [28/Dec/2011:07:32:17 +0000] "GET /simplecaptcha/stickyCaptcha.png HTTP/1.1" 200 2644 
0:0:0:0:0:0:0:1 -  -  [28/Dec/2011:07:32:17 +0000] "GET /favicon.ico HTTP/1.1" 200 23 
0:0:0:0:0:0:0:1 -  -  [28/Dec/2011:07:32:18 +0000] "GET /simplecaptcha/remove.jsp HTTP/1.1" 200 78 
0:0:0:0:0:0:0:1 -  -  [28/Dec/2011:07:32:18 +0000] "GET /favicon.ico HTTP/1.1" 200 23 
0:0:0:0:0:0:0:1 -  -  [28/Dec/2011:07:32:19 +0000] "GET /simplecaptcha/stickyCaptcha.jsp HTTP/1.1" 200 806 
0:0:0:0:0:0:0:1 -  -  [28/Dec/2011:07:32:19 +0000] "GET /simplecaptcha/stickyCaptcha.png HTTP/1.1" 200 0 
0:0:0:0:0:0:0:1 -  -  [28/Dec/2011:07:32:19 +0000] "GET /favicon.ico HTTP/1.1" 200 23 
0:0:0:0:0:0:0:1 -  -  [28/Dec/2011:07:32:19 +0000] "GET /simplecaptcha/stickyCaptcha.jsp HTTP/1.1" 200 806 
0:0:0:0:0:0:0:1 -  -  [28/Dec/2011:07:32:19 +0000] "GET /simplecaptcha/sc.css HTTP/1.1" 304 0 
0:0:0:0:0:0:0:1 -  -  [28/Dec/2011:07:32:20 +0000] "GET /simplecaptcha/stickyCaptcha.png HTTP/1.1" 200 2187 
0:0:0:0:0:0:0:1 -  -  [28/Dec/2011:07:32:20 +0000] "GET /favicon.ico HTTP/1.1" 200 23 
0:0:0:0:0:0:0:1 -  -  [28/Dec/2011:07:32:20 +0000] "GET /simplecaptcha/stickyCaptcha.jsp HTTP/1.1" 200 806 
0:0:0:0:0:0:0:1 -  -  [28/Dec/2011:07:32:20 +0000] "GET /simplecaptcha/sc.css HTTP/1.1" 304 0 
0:0:0:0:0:0:0:1 -  -  [28/Dec/2011:07:32:20 +0000] "GET /simplecaptcha/stickyCaptcha.png HTTP/1.1" 200 2187 
0:0:0:0:0:0:0:1 -  -  [28/Dec/2011:07:32:20 +0000] "GET /favicon.ico HTTP/1.1" 200 23 
0:0:0:0:0:0:0:1 -  -  [28/Dec/2011:07:32:21 +0000] "GET /simplecaptcha/simpleCaptcha.jsp HTTP/1.1" 200 572 
0:0:0:0:0:0:0:1 -  -  [28/Dec/2011:07:32:21 +0000] "GET /simplecaptcha/simpleCaptcha.png HTTP/1.1" 200 7518 
0:0:0:0:0:0:0:1 -  -  [28/Dec/2011:07:32:21 +0000] "GET /favicon.ico HTTP/1.1" 200 23 
0:0:0:0:0:0:0:1 -  -  [28/Dec/2011:07:32:22 +0000] "GET /simplecaptcha/stickyCaptcha.jsp HTTP/1.1" 200 806 
0:0:0:0:0:0:0:1 -  -  [28/Dec/2011:07:32:22 +0000] "GET /simplecaptcha/stickyCaptcha.png HTTP/1.1" 200 7518 
0:0:0:0:0:0:0:1 -  -  [28/Dec/2011:07:32:22 +0000] "GET /favicon.ico HTTP/1.1" 200 23 
0:0:0:0:0:0:0:1 -  -  [28/Dec/2011:07:32:23 +0000] "GET /simplecaptcha/audioCaptcha.jsp HTTP/1.1" 200 1223 
0:0:0:0:0:0:0:1 -  -  [28/Dec/2011:07:32:23 +0000] "GET /favicon.ico HTTP/1.1" 200 23 
0:0:0:0:0:0:0:1 -  -  [28/Dec/2011:07:32:23 +0000] "GET /simplecaptcha/audio.wav?bogus=1325057543814 HTTP/1.1" 200 79886 
0:0:0:0:0:0:0:1 -  -  [28/Dec/2011:07:32:23 +0000] "GET /simplecaptcha/audio.wav?bogus=1325057543814 HTTP/1.1" 200 80990 
0:0:0:0:0:0:0:1 -  -  [28/Dec/2011:07:32:29 +0000] "GET /simplecaptcha/audioCaptcha.jsp HTTP/1.1" 200 1223 
0:0:0:0:0:0:0:1 -  -  [28/Dec/2011:07:32:29 +0000] "GET /simplecaptcha/sc.css HTTP/1.1" 304 0 
0:0:0:0:0:0:0:1 -  -  [28/Dec/2011:07:32:29 +0000] "GET /favicon.ico HTTP/1.1" 200 23 
0:0:0:0:0:0:0:1 -  -  [28/Dec/2011:07:32:29 +0000] "GET /simplecaptcha/audio.wav?bogus=1325057549046 HTTP/1.1" 200 89628 
0:0:0:0:0:0:0:1 -  -  [28/Dec/2011:07:32:29 +0000] "GET /simplecaptcha/audio.wav?bogus=1325057549046 HTTP/1.1" 200 96824 
0:0:0:0:0:0:0:1 -  -  [28/Dec/2011:07:33:28 +0000] "GET /simplecaptcha/audio.wav?bogus=1325057549046 HTTP/1.1" 200 100086 
0:0:0:0:0:0:0:1 -  -  [28/Dec/2011:07:33:29 +0000] "GET /favicon.ico HTTP/1.1" 200 23 
0:0:0:0:0:0:0:1 -  -  [28/Dec/2011:07:33:29 +0000] "GET /simplecaptcha/audio.wav?bogus=1325057549046 HTTP/1.1" 200 84462 
0:0:0:0:0:0:0:1 -  -  [28/Dec/2011:07:33:29 +0000] "GET /simplecaptcha/audio.wav?bogus=1325057549046 HTTP/1.1" 200 90598 
0:0:0:0:0:0:0:1 -  -  [28/Dec/2011:08:36:57 +0000] "GET /simplecaptcha/audioCaptcha.jsp HTTP/1.1" 200 1223 
0:0:0:0:0:0:0:1 -  -  [28/Dec/2011:08:36:58 +0000] "GET /simplecaptcha/sc.css HTTP/1.1" 200 129 
0:0:0:0:0:0:0:1 -  -  [28/Dec/2011:08:36:58 +0000] "GET /simplecaptcha/audio.wav?bogus=1325061418500 HTTP/1.1" 200 80664 
0:0:0:0:0:0:0:1 -  -  [28/Dec/2011:08:36:58 +0000] "GET /simplecaptcha/audio.wav?bogus=1325061418500 HTTP/1.1" 200 95150 
0:0:0:0:0:0:0:1 -  -  [28/Dec/2011:08:37:11 +0000] "GET /simplecaptcha/audio.wav?bogus=1325061418500 HTTP/1.1" 200 79176 
0:0:0:0:0:0:0:1 -  -  [28/Dec/2011:08:37:11 +0000] "GET /simplecaptcha/audio.wav?bogus=1325061418500 HTTP/1.1" 200 82416 
0:0:0:0:0:0:0:1 -  -  [28/Dec/2011:08:37:11 +0000] "GET /simplecaptcha/audio.wav?bogus=1325061418500 HTTP/1.1" 200 93164 
0:0:0:0:0:0:0:1 -  -  [28/Dec/2011:08:55:36 +0000] "GET /simplecaptcha/audioCaptcha.jsp HTTP/1.1" 200 1223 
0:0:0:0:0:0:0:1 -  -  [28/Dec/2011:08:55:37 +0000] "GET /simplecaptcha/audio.wav?bogus=1325062537427 HTTP/1.1" 500 5556 
0:0:0:0:0:0:0:1 -  -  [28/Dec/2011:08:55:37 +0000] "GET /simplecaptcha/audio.wav?bogus=1325062537427 HTTP/1.1" 500 5551 
0:0:0:0:0:0:0:1 -  -  [28/Dec/2011:08:56:36 +0000] "GET /simplecaptcha/audioCaptcha.jsp HTTP/1.1" 200 1223 
0:0:0:0:0:0:0:1 -  -  [28/Dec/2011:08:56:36 +0000] "GET /simplecaptcha/sc.css HTTP/1.1" 200 129 
0:0:0:0:0:0:0:1 -  -  [28/Dec/2011:08:56:36 +0000] "GET /favicon.ico HTTP/1.1" 200 23 
0:0:0:0:0:0:0:1 -  -  [28/Dec/2011:08:56:36 +0000] "GET /simplecaptcha/audio.wav?bogus=1325062596968 HTTP/1.1" 500 5556 
0:0:0:0:0:0:0:1 -  -  [28/Dec/2011:08:56:36 +0000] "GET /simplecaptcha/audio.wav?bogus=1325062596968 HTTP/1.1" 500 5556 
0:0:0:0:0:0:0:1 -  -  [28/Dec/2011:08:56:37 +0000] "GET /simplecaptcha/audioCaptcha.jsp HTTP/1.1" 200 1223 
0:0:0:0:0:0:0:1 -  -  [28/Dec/2011:08:56:37 +0000] "GET /simplecaptcha/sc.css HTTP/1.1" 200 129 
0:0:0:0:0:0:0:1 -  -  [28/Dec/2011:08:56:37 +0000] "GET /favicon.ico HTTP/1.1" 200 23 
0:0:0:0:0:0:0:1 -  -  [28/Dec/2011:08:56:37 +0000] "GET /simplecaptcha/audio.wav?bogus=1325062597852 HTTP/1.1" 500 5556 
0:0:0:0:0:0:0:1 -  -  [28/Dec/2011:08:56:37 +0000] "GET /simplecaptcha/audio.wav?bogus=1325062597852 HTTP/1.1" 500 5551 
0:0:0:0:0:0:0:1 -  -  [28/Dec/2011:08:56:38 +0000] "GET /simplecaptcha/audioCaptcha.jsp HTTP/1.1" 200 1223 
0:0:0:0:0:0:0:1 -  -  [28/Dec/2011:08:56:38 +0000] "GET /simplecaptcha/sc.css HTTP/1.1" 200 129 
0:0:0:0:0:0:0:1 -  -  [28/Dec/2011:08:56:38 +0000] "GET /simplecaptcha/audio.wav?bogus=1325062598665 HTTP/1.1" 500 5551 
0:0:0:0:0:0:0:1 -  -  [28/Dec/2011:08:56:38 +0000] "GET /favicon.ico HTTP/1.1" 200 23 
0:0:0:0:0:0:0:1 -  -  [28/Dec/2011:08:56:38 +0000] "GET /simplecaptcha/audio.wav?bogus=1325062598665 HTTP/1.1" 500 5556 
0:0:0:0:0:0:0:1 -  -  [28/Dec/2011:08:56:40 +0000] "GET /simplecaptcha/simpleCaptcha.jsp HTTP/1.1" 200 572 
0:0:0:0:0:0:0:1 -  -  [28/Dec/2011:08:56:40 +0000] "GET /simplecaptcha/simpleCaptcha.png HTTP/1.1" 200 9979 
0:0:0:0:0:0:0:1 -  -  [28/Dec/2011:08:56:41 +0000] "GET /favicon.ico HTTP/1.1" 200 23 
0:0:0:0:0:0:0:1 -  -  [28/Dec/2011:08:56:42 +0000] "GET /simplecaptcha/simpleCaptcha.jsp HTTP/1.1" 200 572 
0:0:0:0:0:0:0:1 -  -  [28/Dec/2011:08:56:42 +0000] "GET /simplecaptcha/simpleCaptcha.png HTTP/1.1" 200 8418 
0:0:0:0:0:0:0:1 -  -  [28/Dec/2011:08:56:43 +0000] "GET /favicon.ico HTTP/1.1" 200 23 
0:0:0:0:0:0:0:1 -  -  [28/Dec/2011:08:56:43 +0000] "GET /simplecaptcha/simpleCaptcha.jsp HTTP/1.1" 200 572 
0:0:0:0:0:0:0:1 -  -  [28/Dec/2011:08:56:43 +0000] "GET /simplecaptcha/sc.css HTTP/1.1" 200 129 
0:0:0:0:0:0:0:1 -  -  [28/Dec/2011:08:56:43 +0000] "GET /simplecaptcha/simpleCaptcha.png HTTP/1.1" 200 9099 
0:0:0:0:0:0:0:1 -  -  [28/Dec/2011:08:56:43 +0000] "GET /favicon.ico HTTP/1.1" 200 23 
0:0:0:0:0:0:0:1 -  -  [28/Dec/2011:08:56:44 +0000] "GET /simplecaptcha/stickyCaptcha.jsp HTTP/1.1" 200 806 
0:0:0:0:0:0:0:1 -  -  [28/Dec/2011:08:56:44 +0000] "GET /simplecaptcha/stickyCaptcha.png HTTP/1.1" 200 9099 
0:0:0:0:0:0:0:1 -  -  [28/Dec/2011:08:56:44 +0000] "GET /favicon.ico HTTP/1.1" 200 23 
0:0:0:0:0:0:0:1 -  -  [28/Dec/2011:08:56:45 +0000] "GET /simplecaptcha/audioCaptcha.jsp HTTP/1.1" 200 1223 
0:0:0:0:0:0:0:1 -  -  [28/Dec/2011:08:56:45 +0000] "GET /favicon.ico HTTP/1.1" 200 23 
0:0:0:0:0:0:0:1 -  -  [28/Dec/2011:08:56:45 +0000] "GET /simplecaptcha/audio.wav?bogus=1325062605524 HTTP/1.1" 500 5571 
0:0:0:0:0:0:0:1 -  -  [28/Dec/2011:08:56:45 +0000] "GET /simplecaptcha/audio.wav?bogus=1325062605524 HTTP/1.1" 500 5556 
0:0:0:0:0:0:0:1 -  -  [28/Dec/2011:08:56:49 +0000] "GET /simplecaptcha/audio.wav?bogus=1325062605524 HTTP/1.1" 500 5551 
0:0:0:0:0:0:0:1 -  -  [28/Dec/2011:08:56:49 +0000] "GET /favicon.ico HTTP/1.1" 200 23 
0:0:0:0:0:0:0:1 -  -  [28/Dec/2011:08:57:21 +0000] "GET /simplecaptcha/audioCaptcha.jsp HTTP/1.1" 200 1223 
0:0:0:0:0:0:0:1 -  -  [28/Dec/2011:08:57:21 +0000] "GET /simplecaptcha/audio.wav?bogus=1325062641731 HTTP/1.1" 500 5556 
0:0:0:0:0:0:0:1 -  -  [28/Dec/2011:08:57:21 +0000] "GET /simplecaptcha/audio.wav?bogus=1325062641731 HTTP/1.1" 500 5556 
0:0:0:0:0:0:0:1 -  -  [28/Dec/2011:08:57:21 +0000] "GET /favicon.ico HTTP/1.1" 200 23 
0:0:0:0:0:0:0:1 -  -  [28/Dec/2011:08:57:22 +0000] "GET /simplecaptcha/audioCaptcha.jsp HTTP/1.1" 200 1223 
0:0:0:0:0:0:0:1 -  -  [28/Dec/2011:08:57:22 +0000] "GET /simplecaptcha/sc.css HTTP/1.1" 200 129 
0:0:0:0:0:0:0:1 -  -  [28/Dec/2011:08:57:22 +0000] "GET /simplecaptcha/audio.wav?bogus=1325062642357 HTTP/1.1" 500 5556 
0:0:0:0:0:0:0:1 -  -  [28/Dec/2011:08:57:22 +0000] "GET /favicon.ico HTTP/1.1" 200 23 
0:0:0:0:0:0:0:1 -  -  [28/Dec/2011:08:57:22 +0000] "GET /simplecaptcha/audio.wav?bogus=1325062642357 HTTP/1.1" 500 5556 
0:0:0:0:0:0:0:1 -  -  [28/Dec/2011:08:57:22 +0000] "GET /simplecaptcha/audioCaptcha.jsp HTTP/1.1" 200 1223 
0:0:0:0:0:0:0:1 -  -  [28/Dec/2011:08:57:22 +0000] "GET /simplecaptcha/sc.css HTTP/1.1" 200 129 
0:0:0:0:0:0:0:1 -  -  [28/Dec/2011:08:57:22 +0000] "GET /simplecaptcha/audio.wav?bogus=1325062642574 HTTP/1.1" 500 5571 
0:0:0:0:0:0:0:1 -  -  [28/Dec/2011:08:57:22 +0000] "GET /simplecaptcha/audio.wav?bogus=1325062642574 HTTP/1.1" 500 5556 
0:0:0:0:0:0:0:1 -  -  [28/Dec/2011:08:57:22 +0000] "GET /favicon.ico HTTP/1.1" 200 23 
0:0:0:0:0:0:0:1 -  -  [28/Dec/2011:08:57:22 +0000] "GET /simplecaptcha/audioCaptcha.jsp HTTP/1.1" 200 1223 
0:0:0:0:0:0:0:1 -  -  [28/Dec/2011:08:57:22 +0000] "GET /simplecaptcha/sc.css HTTP/1.1" 200 129 
0:0:0:0:0:0:0:1 -  -  [28/Dec/2011:08:57:22 +0000] "GET /favicon.ico HTTP/1.1" 200 23 
0:0:0:0:0:0:0:1 -  -  [28/Dec/2011:08:57:22 +0000] "GET /simplecaptcha/audio.wav?bogus=1325062642741 HTTP/1.1" 500 5556 
0:0:0:0:0:0:0:1 -  -  [28/Dec/2011:08:57:22 +0000] "GET /simplecaptcha/audio.wav?bogus=1325062642741 HTTP/1.1" 500 5556 
0:0:0:0:0:0:0:1 -  -  [28/Dec/2011:08:57:22 +0000] "GET /simplecaptcha/audioCaptcha.jsp HTTP/1.1" 200 1223 
0:0:0:0:0:0:0:1 -  -  [28/Dec/2011:08:57:22 +0000] "GET /simplecaptcha/sc.css HTTP/1.1" 200 129 
0:0:0:0:0:0:0:1 -  -  [28/Dec/2011:08:57:22 +0000] "GET /favicon.ico HTTP/1.1" 200 23 
0:0:0:0:0:0:0:1 -  -  [28/Dec/2011:08:57:22 +0000] "GET /simplecaptcha/audio.wav?bogus=1325062642918 HTTP/1.1" 500 5551 
0:0:0:0:0:0:0:1 -  -  [28/Dec/2011:08:57:22 +0000] "GET /simplecaptcha/audio.wav?bogus=1325062642918 HTTP/1.1" 500 5571 
0:0:0:0:0:0:0:1 -  -  [28/Dec/2011:08:57:23 +0000] "GET /simplecaptcha/audioCaptcha.jsp HTTP/1.1" 200 1223 
0:0:0:0:0:0:0:1 -  -  [28/Dec/2011:08:57:23 +0000] "GET /simplecaptcha/sc.css HTTP/1.1" 200 129 
0:0:0:0:0:0:0:1 -  -  [28/Dec/2011:08:57:23 +0000] "GET /favicon.ico HTTP/1.1" 200 23 
0:0:0:0:0:0:0:1 -  -  [28/Dec/2011:08:57:23 +0000] "GET /simplecaptcha/audio.wav?bogus=1325062643077 HTTP/1.1" 500 5551 
0:0:0:0:0:0:0:1 -  -  [28/Dec/2011:08:57:23 +0000] "GET /simplecaptcha/audio.wav?bogus=1325062643077 HTTP/1.1" 500 5571 
0:0:0:0:0:0:0:1 -  -  [28/Dec/2011:08:57:23 +0000] "GET /simplecaptcha/audioCaptcha.jsp HTTP/1.1" 200 1223 
0:0:0:0:0:0:0:1 -  -  [28/Dec/2011:08:57:23 +0000] "GET /simplecaptcha/sc.css HTTP/1.1" 200 129 
0:0:0:0:0:0:0:1 -  -  [28/Dec/2011:08:57:23 +0000] "GET /favicon.ico HTTP/1.1" 200 23 
0:0:0:0:0:0:0:1 -  -  [28/Dec/2011:08:57:23 +0000] "GET /simplecaptcha/audio.wav?bogus=1325062643244 HTTP/1.1" 500 5556 
0:0:0:0:0:0:0:1 -  -  [28/Dec/2011:08:57:23 +0000] "GET /simplecaptcha/audio.wav?bogus=1325062643244 HTTP/1.1" 500 5556 
0:0:0:0:0:0:0:1 -  -  [28/Dec/2011:08:57:23 +0000] "GET /simplecaptcha/audioCaptcha.jsp HTTP/1.1" 200 1223 
0:0:0:0:0:0:0:1 -  -  [28/Dec/2011:08:57:23 +0000] "GET /simplecaptcha/sc.css HTTP/1.1" 200 129 
0:0:0:0:0:0:0:1 -  -  [28/Dec/2011:08:57:23 +0000] "GET /favicon.ico HTTP/1.1" 200 23 
0:0:0:0:0:0:0:1 -  -  [28/Dec/2011:08:57:23 +0000] "GET /simplecaptcha/audio.wav?bogus=1325062643450 HTTP/1.1" 500 5556 
0:0:0:0:0:0:0:1 -  -  [28/Dec/2011:08:57:23 +0000] "GET /simplecaptcha/audio.wav?bogus=1325062643450 HTTP/1.1" 500 5556 
0:0:0:0:0:0:0:1 -  -  [28/Dec/2011:08:57:23 +0000] "GET /simplecaptcha/audioCaptcha.jsp HTTP/1.1" 200 1223 
0:0:0:0:0:0:0:1 -  -  [28/Dec/2011:08:57:23 +0000] "GET /simplecaptcha/sc.css HTTP/1.1" 200 129 
0:0:0:0:0:0:0:1 -  -  [28/Dec/2011:08:57:23 +0000] "GET /favicon.ico HTTP/1.1" 200 23 
0:0:0:0:0:0:0:1 -  -  [28/Dec/2011:08:57:23 +0000] "GET /simplecaptcha/audio.wav?bogus=1325062643752 HTTP/1.1" 500 5556 
0:0:0:0:0:0:0:1 -  -  [28/Dec/2011:08:57:23 +0000] "GET /simplecaptcha/audio.wav?bogus=1325062643752 HTTP/1.1" 500 5551 
0:0:0:0:0:0:0:1 -  -  [28/Dec/2011:08:57:23 +0000] "GET /simplecaptcha/audioCaptcha.jsp HTTP/1.1" 200 1223 
0:0:0:0:0:0:0:1 -  -  [28/Dec/2011:08:57:23 +0000] "GET /simplecaptcha/sc.css HTTP/1.1" 200 129 
0:0:0:0:0:0:0:1 -  -  [28/Dec/2011:08:57:24 +0000] "GET /favicon.ico HTTP/1.1" 200 23 
0:0:0:0:0:0:0:1 -  -  [28/Dec/2011:08:57:24 +0000] "GET /simplecaptcha/audio.wav?bogus=1325062644000 HTTP/1.1" 500 5551 
0:0:0:0:0:0:0:1 -  -  [28/Dec/2011:08:57:24 +0000] "GET /simplecaptcha/audio.wav?bogus=1325062644000 HTTP/1.1" 500 5551 
0:0:0:0:0:0:0:1 -  -  [28/Dec/2011:08:57:24 +0000] "GET /simplecaptcha/audioCaptcha.jsp HTTP/1.1" 200 1223 
0:0:0:0:0:0:0:1 -  -  [28/Dec/2011:08:57:24 +0000] "GET /simplecaptcha/sc.css HTTP/1.1" 200 129 
0:0:0:0:0:0:0:1 -  -  [28/Dec/2011:08:57:24 +0000] "GET /favicon.ico HTTP/1.1" 200 23 
0:0:0:0:0:0:0:1 -  -  [28/Dec/2011:08:57:24 +0000] "GET /simplecaptcha/audio.wav?bogus=1325062644178 HTTP/1.1" 500 5571 
0:0:0:0:0:0:0:1 -  -  [28/Dec/2011:08:57:24 +0000] "GET /simplecaptcha/audio.wav?bogus=1325062644178 HTTP/1.1" 500 5551 
0:0:0:0:0:0:0:1 -  -  [28/Dec/2011:08:57:24 +0000] "GET /simplecaptcha/audioCaptcha.jsp HTTP/1.1" 200 1223 
0:0:0:0:0:0:0:1 -  -  [28/Dec/2011:08:57:24 +0000] "GET /simplecaptcha/sc.css HTTP/1.1" 200 129 
0:0:0:0:0:0:0:1 -  -  [28/Dec/2011:08:57:24 +0000] "GET /favicon.ico HTTP/1.1" 200 23 
0:0:0:0:0:0:0:1 -  -  [28/Dec/2011:08:57:24 +0000] "GET /simplecaptcha/audio.wav?bogus=1325062644333 HTTP/1.1" 500 5556 
0:0:0:0:0:0:0:1 -  -  [28/Dec/2011:08:57:24 +0000] "GET /simplecaptcha/audio.wav?bogus=1325062644333 HTTP/1.1" 500 5551 
0:0:0:0:0:0:0:1 -  -  [28/Dec/2011:08:58:20 +0000] "GET /simplecaptcha/audioCaptcha.jsp HTTP/1.1" 200 1223 
0:0:0:0:0:0:0:1 -  -  [28/Dec/2011:08:58:21 +0000] "GET /simplecaptcha/sc.css HTTP/1.1" 200 129 
0:0:0:0:0:0:0:1 -  -  [28/Dec/2011:08:58:21 +0000] "GET /favicon.ico HTTP/1.1" 200 23 
0:0:0:0:0:0:0:1 -  -  [28/Dec/2011:08:59:08 +0000] "GET /simplecaptcha/audioCaptcha.jsp HTTP/1.1" 404 1395 
0:0:0:0:0:0:0:1 -  -  [28/Dec/2011:08:59:08 +0000] "GET /favicon.ico HTTP/1.1" 200 23 
0:0:0:0:0:0:0:1 -  -  [28/Dec/2011:08:59:29 +0000] "GET / HTTP/1.1" 200 23 
0:0:0:0:0:0:0:1 -  -  [28/Dec/2011:08:59:29 +0000] "GET /favicon.ico HTTP/1.1" 200 23 
0:0:0:0:0:0:0:1 -  -  [28/Dec/2011:09:00:30 +0000] "GET / HTTP/1.1" 200 23 
0:0:0:0:0:0:0:1 -  -  [28/Dec/2011:09:00:30 +0000] "GET /favicon.ico HTTP/1.1" 200 23 
0:0:0:0:0:0:0:1 -  -  [28/Dec/2011:09:00:36 +0000] "GET /remak HTTP/1.1" 302 0 
0:0:0:0:0:0:0:1 -  -  [28/Dec/2011:09:00:37 +0000] "GET /favicon.ico HTTP/1.1" 200 23 
0:0:0:0:0:0:0:1 -  -  [28/Dec/2011:09:00:37 +0000] "GET /favicon.ico HTTP/1.1" 200 23 
0:0:0:0:0:0:0:1 -  -  [28/Dec/2011:09:00:40 +0000] "GET /simplecaptcha HTTP/1.1" 302 0 
0:0:0:0:0:0:0:1 -  -  [28/Dec/2011:09:00:40 +0000] "GET /simplecaptcha/ HTTP/1.1" 200 806 
